<?xml version="1.0" encoding="UTF-8"?>
<robot generator="Robot 5.0.1 (Python 3.10.7 on win32)" generated="20220930 20:20:13.826" rpa="false" schemaversion="3">
<suite id="s1" name="Test" source="C:\Users\USER\Downloads\iOS-Robotframework-Appium-POM-master\ANDROID-Robotframework-Appium-POM-master\test">
<suite id="s1-s1" name="Test Book Appoinment" source="C:\Users\USER\Downloads\iOS-Robotframework-Appium-POM-master\ANDROID-Robotframework-Appium-POM-master\test\test_book_appoinment.robot">
<test id="s1-s1-t1" name="OPEN_APP" line="9">
<kw name="Open_ANDROID_Test_App" library="BasePage" type="SETUP">
<kw name="Open Application" library="AppiumLibrary">
<arg>http://127.0.0.1:4723/wd/hub</arg>
<arg>automationName=${ANDROID_AUTOMATION_NAME}</arg>
<arg>app=${ANDROID_APP}</arg>
<arg>platformName=${ANDROID_PLATFORM_NAME}</arg>
<arg>platformVersion=${ANDROID_PLATFORM_VERSION}</arg>
<arg>deviceName=${ANDROID_DEVICE_NAME}</arg>
<arg>noReset=${NO_RESET}</arg>
<doc>Opens a new application to given Appium server.
Capabilities of appium server, Android and iOS,
Please check https://github.com/appium/appium/blob/master/docs/en/writing-running-appium/server-args.md
| *Option*            | *Man.* | *Description*     |
| remote_url          | Yes    | Appium server url |
| alias               | no     | alias             |</doc>
<status status="PASS" starttime="20220930 20:20:14.212" endtime="20220930 20:20:23.566"/>
</kw>
<kw name="Sleep" library="BuiltIn">
<arg>10</arg>
<doc>Pauses the test executed for the given time.</doc>
<msg timestamp="20220930 20:20:33.573" level="INFO">Slept 10 seconds</msg>
<status status="PASS" starttime="20220930 20:20:23.567" endtime="20220930 20:20:33.573"/>
</kw>
<status status="PASS" starttime="20220930 20:20:14.211" endtime="20220930 20:20:33.575"/>
</kw>
<kw name="Action_For_LOGIN" library="resource">
<kw name="Input Text" library="AppiumLibrary">
<arg>${loginuser_ID}</arg>
<arg>${number}</arg>
<doc>Types the given `text` into text field identified by `locator`.</doc>
<msg timestamp="20220930 20:20:33.586" level="INFO">Typing text '01408290385' into text field 'com.praava.patientportal:id/login_user'</msg>
<status status="PASS" starttime="20220930 20:20:33.576" endtime="20220930 20:20:33.818"/>
</kw>
<kw name="Sleep" library="BuiltIn">
<arg>5</arg>
<doc>Pauses the test executed for the given time.</doc>
<msg timestamp="20220930 20:20:38.831" level="INFO">Slept 5 seconds</msg>
<status status="PASS" starttime="20220930 20:20:33.820" endtime="20220930 20:20:38.831"/>
</kw>
<kw name="Input Text" library="AppiumLibrary">
<arg>${loginpass_ID}</arg>
<arg>${password}</arg>
<doc>Types the given `text` into text field identified by `locator`.</doc>
<msg timestamp="20220930 20:20:38.847" level="INFO">Typing text 'Tonoy123' into text field 'com.praava.patientportal:id/login_password'</msg>
<status status="PASS" starttime="20220930 20:20:38.832" endtime="20220930 20:20:38.956"/>
</kw>
<kw name="Sleep" library="BuiltIn">
<arg>5</arg>
<doc>Pauses the test executed for the given time.</doc>
<msg timestamp="20220930 20:20:43.973" level="INFO">Slept 5 seconds</msg>
<status status="PASS" starttime="20220930 20:20:38.958" endtime="20220930 20:20:43.973"/>
</kw>
<kw name="Click Element" library="AppiumLibrary">
<arg>${login_ID}</arg>
<doc>Click element identified by `locator`.</doc>
<msg timestamp="20220930 20:20:43.979" level="INFO">Clicking element 'com.praava.patientportal:id/login_btn'.</msg>
<status status="PASS" starttime="20220930 20:20:43.974" endtime="20220930 20:20:44.039"/>
</kw>
<kw name="Sleep" library="BuiltIn">
<arg>5</arg>
<doc>Pauses the test executed for the given time.</doc>
<msg timestamp="20220930 20:20:49.044" level="INFO">Slept 5 seconds</msg>
<status status="PASS" starttime="20220930 20:20:44.041" endtime="20220930 20:20:49.044"/>
</kw>
<status status="PASS" starttime="20220930 20:20:33.576" endtime="20220930 20:20:49.046"/>
</kw>
<kw name="Action_For_Book_Appointment" library="resource">
<kw name="Click Element" library="AppiumLibrary">
<arg>${book_ID}</arg>
<doc>Click element identified by `locator`.</doc>
<msg timestamp="20220930 20:20:49.060" level="INFO">Clicking element 'com.praava.patientportal:id/Buttonbookappointment'.</msg>
<status status="PASS" starttime="20220930 20:20:49.048" endtime="20220930 20:20:49.148"/>
</kw>
<kw name="Sleep" library="BuiltIn">
<arg>5</arg>
<doc>Pauses the test executed for the given time.</doc>
<msg timestamp="20220930 20:20:54.155" level="INFO">Slept 5 seconds</msg>
<status status="PASS" starttime="20220930 20:20:49.150" endtime="20220930 20:20:54.155"/>
</kw>
<kw name="Click Element" library="AppiumLibrary">
<arg>${service_ID}</arg>
<doc>Click element identified by `locator`.</doc>
<msg timestamp="20220930 20:20:54.181" level="INFO">Clicking element 'com.praava.patientportal:id/dept_spinner'.</msg>
<status status="PASS" starttime="20220930 20:20:54.159" endtime="20220930 20:20:54.249"/>
</kw>
<kw name="Sleep" library="BuiltIn">
<arg>5</arg>
<doc>Pauses the test executed for the given time.</doc>
<msg timestamp="20220930 20:20:59.259" level="INFO">Slept 5 seconds</msg>
<status status="PASS" starttime="20220930 20:20:54.250" endtime="20220930 20:20:59.260"/>
</kw>
<kw name="Click Element" library="AppiumLibrary">
<arg>${familyphysicans_XPATH}</arg>
<doc>Click element identified by `locator`.</doc>
<msg timestamp="20220930 20:20:59.289" level="INFO">Clicking element 'XPATH=//android.widget.TextView[@text="Family Physicians"]'.</msg>
<status status="PASS" starttime="20220930 20:20:59.263" endtime="20220930 20:21:00.732"/>
</kw>
<kw name="Sleep" library="BuiltIn">
<arg>5</arg>
<doc>Pauses the test executed for the given time.</doc>
<msg timestamp="20220930 20:21:05.748" level="INFO">Slept 5 seconds</msg>
<status status="PASS" starttime="20220930 20:21:00.735" endtime="20220930 20:21:05.748"/>
</kw>
<kw name="Click Element" library="AppiumLibrary">
<arg>${liketosee_ID}</arg>
<doc>Click element identified by `locator`.</doc>
<msg timestamp="20220930 20:21:05.773" level="INFO">Clicking element 'com.praava.patientportal:id/doc_spinner'.</msg>
<status status="PASS" starttime="20220930 20:21:05.752" endtime="20220930 20:21:05.839"/>
</kw>
<kw name="Sleep" library="BuiltIn">
<arg>5</arg>
<doc>Pauses the test executed for the given time.</doc>
<msg timestamp="20220930 20:21:10.847" level="INFO">Slept 5 seconds</msg>
<status status="PASS" starttime="20220930 20:21:05.842" endtime="20220930 20:21:10.848"/>
</kw>
<kw name="Click Element" library="AppiumLibrary">
<arg>${taslima_XPATH}</arg>
<doc>Click element identified by `locator`.</doc>
<msg timestamp="20220930 20:21:10.870" level="INFO">Clicking element 'XPATH=//android.widget.TextView[@text="Dr. Taslima Akter"]'.</msg>
<status status="PASS" starttime="20220930 20:21:10.852" endtime="20220930 20:21:12.195"/>
</kw>
<kw name="Sleep" library="BuiltIn">
<arg>5</arg>
<doc>Pauses the test executed for the given time.</doc>
<msg timestamp="20220930 20:21:17.201" level="INFO">Slept 5 seconds</msg>
<status status="PASS" starttime="20220930 20:21:12.197" endtime="20220930 20:21:17.202"/>
</kw>
<kw name="Go Back" library="AppiumLibrary">
<doc>Goes one step backward in the browser history.</doc>
<status status="PASS" starttime="20220930 20:21:17.206" endtime="20220930 20:21:17.866"/>
</kw>
<kw name="Sleep" library="BuiltIn">
<arg>5</arg>
<doc>Pauses the test executed for the given time.</doc>
<msg timestamp="20220930 20:21:22.879" level="INFO">Slept 5 seconds</msg>
<status status="PASS" starttime="20220930 20:21:17.867" endtime="20220930 20:21:22.879"/>
</kw>
<kw name="Go Back" library="AppiumLibrary">
<doc>Goes one step backward in the browser history.</doc>
<status status="PASS" starttime="20220930 20:21:22.883" endtime="20220930 20:21:23.154"/>
</kw>
<kw name="Sleep" library="BuiltIn">
<arg>5</arg>
<doc>Pauses the test executed for the given time.</doc>
<msg timestamp="20220930 20:21:28.161" level="INFO">Slept 5 seconds</msg>
<status status="PASS" starttime="20220930 20:21:23.155" endtime="20220930 20:21:28.161"/>
</kw>
<status status="PASS" starttime="20220930 20:20:49.047" endtime="20220930 20:21:28.165"/>
</kw>
<kw name="Quit Application" library="AppiumLibrary" type="TEARDOWN">
<doc>Quit application. Application can be quit while Appium session is kept alive.
This keyword can be used to close application during test case or between test cases.</doc>
<status status="PASS" starttime="20220930 20:21:28.169" endtime="20220930 20:21:28.556"/>
</kw>
<status status="PASS" starttime="20220930 20:20:14.210" endtime="20220930 20:21:28.557"/>
</test>
<status status="PASS" starttime="20220930 20:20:13.942" endtime="20220930 20:21:28.587"/>
</suite>
<suite id="s1-s2" name="test Contact Us" source="C:\Users\USER\Downloads\iOS-Robotframework-Appium-POM-master\ANDROID-Robotframework-Appium-POM-master\test\test_Contact_Us.robot">
<test id="s1-s2-t1" name="OPEN_APP" line="9">
<kw name="Open_ANDROID_Test_App" library="BasePage" type="SETUP">
<kw name="Open Application" library="AppiumLibrary">
<arg>http://127.0.0.1:4723/wd/hub</arg>
<arg>automationName=${ANDROID_AUTOMATION_NAME}</arg>
<arg>app=${ANDROID_APP}</arg>
<arg>platformName=${ANDROID_PLATFORM_NAME}</arg>
<arg>platformVersion=${ANDROID_PLATFORM_VERSION}</arg>
<arg>deviceName=${ANDROID_DEVICE_NAME}</arg>
<arg>noReset=${NO_RESET}</arg>
<doc>Opens a new application to given Appium server.
Capabilities of appium server, Android and iOS,
Please check https://github.com/appium/appium/blob/master/docs/en/writing-running-appium/server-args.md
| *Option*            | *Man.* | *Description*     |
| remote_url          | Yes    | Appium server url |
| alias               | no     | alias             |</doc>
<status status="PASS" starttime="20220930 20:21:28.626" endtime="20220930 20:21:40.011"/>
</kw>
<kw name="Sleep" library="BuiltIn">
<arg>10</arg>
<doc>Pauses the test executed for the given time.</doc>
<msg timestamp="20220930 20:21:50.028" level="INFO">Slept 10 seconds</msg>
<status status="PASS" starttime="20220930 20:21:40.012" endtime="20220930 20:21:50.029"/>
</kw>
<status status="PASS" starttime="20220930 20:21:28.625" endtime="20220930 20:21:50.032"/>
</kw>
<kw name="Action_For_LOGIN" library="resource">
<kw name="Input Text" library="AppiumLibrary">
<arg>${loginuser_ID}</arg>
<arg>${number}</arg>
<doc>Types the given `text` into text field identified by `locator`.</doc>
<msg timestamp="20220930 20:21:50.055" level="INFO">Typing text '01408290385' into text field 'com.praava.patientportal:id/login_user'</msg>
<status status="PASS" starttime="20220930 20:21:50.037" endtime="20220930 20:21:50.165"/>
</kw>
<kw name="Sleep" library="BuiltIn">
<arg>5</arg>
<doc>Pauses the test executed for the given time.</doc>
<msg timestamp="20220930 20:21:55.182" level="INFO">Slept 5 seconds</msg>
<status status="PASS" starttime="20220930 20:21:50.166" endtime="20220930 20:21:55.182"/>
</kw>
<kw name="Input Text" library="AppiumLibrary">
<arg>${loginpass_ID}</arg>
<arg>${password}</arg>
<doc>Types the given `text` into text field identified by `locator`.</doc>
<msg timestamp="20220930 20:21:55.212" level="INFO">Typing text 'Tonoy123' into text field 'com.praava.patientportal:id/login_password'</msg>
<status status="PASS" starttime="20220930 20:21:55.187" endtime="20220930 20:21:55.301"/>
</kw>
<kw name="Sleep" library="BuiltIn">
<arg>5</arg>
<doc>Pauses the test executed for the given time.</doc>
<msg timestamp="20220930 20:22:00.311" level="INFO">Slept 5 seconds</msg>
<status status="PASS" starttime="20220930 20:21:55.303" endtime="20220930 20:22:00.311"/>
</kw>
<kw name="Click Element" library="AppiumLibrary">
<arg>${login_ID}</arg>
<doc>Click element identified by `locator`.</doc>
<msg timestamp="20220930 20:22:00.321" level="INFO">Clicking element 'com.praava.patientportal:id/login_btn'.</msg>
<status status="PASS" starttime="20220930 20:22:00.313" endtime="20220930 20:22:00.403"/>
</kw>
<kw name="Sleep" library="BuiltIn">
<arg>5</arg>
<doc>Pauses the test executed for the given time.</doc>
<msg timestamp="20220930 20:22:05.405" level="INFO">Slept 5 seconds</msg>
<status status="PASS" starttime="20220930 20:22:00.405" endtime="20220930 20:22:05.405"/>
</kw>
<status status="PASS" starttime="20220930 20:21:50.036" endtime="20220930 20:22:05.408"/>
</kw>
<kw name="Action_For_contact_us" library="resource">
<kw name="Click Element" library="AppiumLibrary">
<arg>${contactus_ID}</arg>
<doc>Click element identified by `locator`.</doc>
<msg timestamp="20220930 20:22:05.427" level="INFO">Clicking element 'com.praava.patientportal:id/ButtonEmergency'.</msg>
<status status="PASS" starttime="20220930 20:22:05.410" endtime="20220930 20:22:05.507"/>
</kw>
<kw name="Sleep" library="BuiltIn">
<arg>5</arg>
<doc>Pauses the test executed for the given time.</doc>
<msg timestamp="20220930 20:22:10.519" level="INFO">Slept 5 seconds</msg>
<status status="PASS" starttime="20220930 20:22:05.509" endtime="20220930 20:22:10.520"/>
</kw>
<kw name="Click Element" library="AppiumLibrary">
<arg>${contactallow_ID}</arg>
<doc>Click element identified by `locator`.</doc>
<msg timestamp="20220930 20:22:10.543" level="INFO">Clicking element 'com.android.packageinstaller:id/permission_allow_button'.</msg>
<status status="PASS" starttime="20220930 20:22:10.524" endtime="20220930 20:22:10.601"/>
</kw>
<kw name="Sleep" library="BuiltIn">
<arg>5</arg>
<doc>Pauses the test executed for the given time.</doc>
<msg timestamp="20220930 20:22:15.611" level="INFO">Slept 5 seconds</msg>
<status status="PASS" starttime="20220930 20:22:10.603" endtime="20220930 20:22:15.611"/>
</kw>
<kw name="Go Back" library="AppiumLibrary">
<doc>Goes one step backward in the browser history.</doc>
<status status="PASS" starttime="20220930 20:22:15.613" endtime="20220930 20:22:15.857"/>
</kw>
<kw name="Sleep" library="BuiltIn">
<arg>5</arg>
<doc>Pauses the test executed for the given time.</doc>
<msg timestamp="20220930 20:22:20.862" level="INFO">Slept 5 seconds</msg>
<status status="PASS" starttime="20220930 20:22:15.857" endtime="20220930 20:22:20.862"/>
</kw>
<status status="PASS" starttime="20220930 20:22:05.409" endtime="20220930 20:22:20.864"/>
</kw>
<kw name="Quit Application" library="AppiumLibrary" type="TEARDOWN">
<doc>Quit application. Application can be quit while Appium session is kept alive.
This keyword can be used to close application during test case or between test cases.</doc>
<status status="PASS" starttime="20220930 20:22:20.865" endtime="20220930 20:22:21.130"/>
</kw>
<status status="PASS" starttime="20220930 20:21:28.624" endtime="20220930 20:22:21.131"/>
</test>
<status status="PASS" starttime="20220930 20:21:28.596" endtime="20220930 20:22:21.160"/>
</suite>
<suite id="s1-s3" name="Test Forget Password Username" source="C:\Users\USER\Downloads\iOS-Robotframework-Appium-POM-master\ANDROID-Robotframework-Appium-POM-master\test\test_forget_password_username.robot">
<test id="s1-s3-t1" name="OPEN_APP" line="9">
<kw name="Open_ANDROID_Test_App" library="BasePage" type="SETUP">
<kw name="Open Application" library="AppiumLibrary">
<arg>http://127.0.0.1:4723/wd/hub</arg>
<arg>automationName=${ANDROID_AUTOMATION_NAME}</arg>
<arg>app=${ANDROID_APP}</arg>
<arg>platformName=${ANDROID_PLATFORM_NAME}</arg>
<arg>platformVersion=${ANDROID_PLATFORM_VERSION}</arg>
<arg>deviceName=${ANDROID_DEVICE_NAME}</arg>
<arg>noReset=${NO_RESET}</arg>
<doc>Opens a new application to given Appium server.
Capabilities of appium server, Android and iOS,
Please check https://github.com/appium/appium/blob/master/docs/en/writing-running-appium/server-args.md
| *Option*            | *Man.* | *Description*     |
| remote_url          | Yes    | Appium server url |
| alias               | no     | alias             |</doc>
<status status="PASS" starttime="20220930 20:22:21.204" endtime="20220930 20:22:34.041"/>
</kw>
<kw name="Sleep" library="BuiltIn">
<arg>10</arg>
<doc>Pauses the test executed for the given time.</doc>
<msg timestamp="20220930 20:22:44.054" level="INFO">Slept 10 seconds</msg>
<status status="PASS" starttime="20220930 20:22:34.041" endtime="20220930 20:22:44.054"/>
</kw>
<status status="PASS" starttime="20220930 20:22:21.202" endtime="20220930 20:22:44.057"/>
</kw>
<kw name="Action_For_forget_password" library="resource">
<kw name="Click Element" library="AppiumLibrary">
<arg>${forgetpass_ID}</arg>
<doc>Click element identified by `locator`.</doc>
<msg timestamp="20220930 20:22:44.065" level="INFO">Clicking element 'com.praava.patientportal:id/forgot_password_link'.</msg>
<status status="PASS" starttime="20220930 20:22:44.059" endtime="20220930 20:22:44.191"/>
</kw>
<kw name="Sleep" library="BuiltIn">
<arg>5</arg>
<doc>Pauses the test executed for the given time.</doc>
<msg timestamp="20220930 20:22:49.194" level="INFO">Slept 5 seconds</msg>
<status status="PASS" starttime="20220930 20:22:44.192" endtime="20220930 20:22:49.194"/>
</kw>
<kw name="Input Text" library="AppiumLibrary">
<arg>${forgetusername_ID}</arg>
<arg>${number}</arg>
<doc>Types the given `text` into text field identified by `locator`.</doc>
<msg timestamp="20220930 20:22:49.202" level="INFO">Typing text '01408290385' into text field 'com.praava.patientportal:id/username_f'</msg>
<status status="PASS" starttime="20220930 20:22:49.195" endtime="20220930 20:22:49.271"/>
</kw>
<kw name="Sleep" library="BuiltIn">
<arg>5</arg>
<doc>Pauses the test executed for the given time.</doc>
<msg timestamp="20220930 20:22:54.279" level="INFO">Slept 5 seconds</msg>
<status status="PASS" starttime="20220930 20:22:49.273" endtime="20220930 20:22:54.280"/>
</kw>
<kw name="Click Element" library="AppiumLibrary">
<arg>${login1_ID}</arg>
<doc>Click element identified by `locator`.</doc>
<msg timestamp="20220930 20:22:54.307" level="INFO">Clicking element 'com.praava.patientportal:id/fp_login_link1'.</msg>
<status status="PASS" starttime="20220930 20:22:54.284" endtime="20220930 20:22:54.978"/>
</kw>
<kw name="Sleep" library="BuiltIn">
<arg>5</arg>
<doc>Pauses the test executed for the given time.</doc>
<msg timestamp="20220930 20:22:59.994" level="INFO">Slept 5 seconds</msg>
<status status="PASS" starttime="20220930 20:22:54.981" endtime="20220930 20:22:59.994"/>
</kw>
<status status="PASS" starttime="20220930 20:22:44.058" endtime="20220930 20:22:59.996"/>
</kw>
<kw name="Action_For_forget_username" library="resource">
<kw name="Click Element" library="AppiumLibrary">
<arg>${forgetusern_ID}</arg>
<doc>Click element identified by `locator`.</doc>
<msg timestamp="20220930 20:23:00.005" level="INFO">Clicking element 'com.praava.patientportal:id/ft_username'.</msg>
<status status="PASS" starttime="20220930 20:22:59.998" endtime="20220930 20:23:00.091"/>
</kw>
<kw name="Sleep" library="BuiltIn">
<arg>5</arg>
<doc>Pauses the test executed for the given time.</doc>
<msg timestamp="20220930 20:23:05.107" level="INFO">Slept 5 seconds</msg>
<status status="PASS" starttime="20220930 20:23:00.093" endtime="20220930 20:23:05.107"/>
</kw>
<kw name="Input Text" library="AppiumLibrary">
<arg>${forgetusermob_ID}</arg>
<arg>${number}</arg>
<doc>Types the given `text` into text field identified by `locator`.</doc>
<msg timestamp="20220930 20:23:05.135" level="INFO">Typing text '01408290385' into text field 'com.praava.patientportal:id/forgot_username_mob'</msg>
<status status="PASS" starttime="20220930 20:23:05.111" endtime="20220930 20:23:05.201"/>
</kw>
<kw name="Sleep" library="BuiltIn">
<arg>5</arg>
<doc>Pauses the test executed for the given time.</doc>
<msg timestamp="20220930 20:23:10.213" level="INFO">Slept 5 seconds</msg>
<status status="PASS" starttime="20220930 20:23:05.203" endtime="20220930 20:23:10.213"/>
</kw>
<kw name="Click Element" library="AppiumLibrary">
<arg>${login2_ID}</arg>
<doc>Click element identified by `locator`.</doc>
<msg timestamp="20220930 20:23:10.237" level="INFO">Clicking element 'com.praava.patientportal:id/fu_login'.</msg>
<status status="PASS" starttime="20220930 20:23:10.217" endtime="20220930 20:23:10.299"/>
</kw>
<kw name="Sleep" library="BuiltIn">
<arg>5</arg>
<doc>Pauses the test executed for the given time.</doc>
<msg timestamp="20220930 20:23:15.310" level="INFO">Slept 5 seconds</msg>
<status status="PASS" starttime="20220930 20:23:10.301" endtime="20220930 20:23:15.310"/>
</kw>
<status status="PASS" starttime="20220930 20:22:59.997" endtime="20220930 20:23:15.313"/>
</kw>
<kw name="Quit Application" library="AppiumLibrary" type="TEARDOWN">
<doc>Quit application. Application can be quit while Appium session is kept alive.
This keyword can be used to close application during test case or between test cases.</doc>
<status status="PASS" starttime="20220930 20:23:15.315" endtime="20220930 20:23:15.534"/>
</kw>
<status status="PASS" starttime="20220930 20:22:21.201" endtime="20220930 20:23:15.535"/>
</test>
<status status="PASS" starttime="20220930 20:22:21.169" endtime="20220930 20:23:15.570"/>
</suite>
<suite id="s1-s4" name="test healthCheck" source="C:\Users\USER\Downloads\iOS-Robotframework-Appium-POM-master\ANDROID-Robotframework-Appium-POM-master\test\test_healthCheck.robot">
<test id="s1-s4-t1" name="OPEN_APP" line="9">
<kw name="Open_ANDROID_Test_App" library="BasePage" type="SETUP">
<kw name="Open Application" library="AppiumLibrary">
<arg>http://127.0.0.1:4723/wd/hub</arg>
<arg>automationName=${ANDROID_AUTOMATION_NAME}</arg>
<arg>app=${ANDROID_APP}</arg>
<arg>platformName=${ANDROID_PLATFORM_NAME}</arg>
<arg>platformVersion=${ANDROID_PLATFORM_VERSION}</arg>
<arg>deviceName=${ANDROID_DEVICE_NAME}</arg>
<arg>noReset=${NO_RESET}</arg>
<doc>Opens a new application to given Appium server.
Capabilities of appium server, Android and iOS,
Please check https://github.com/appium/appium/blob/master/docs/en/writing-running-appium/server-args.md
| *Option*            | *Man.* | *Description*     |
| remote_url          | Yes    | Appium server url |
| alias               | no     | alias             |</doc>
<status status="PASS" starttime="20220930 20:23:15.620" endtime="20220930 20:23:26.807"/>
</kw>
<kw name="Sleep" library="BuiltIn">
<arg>10</arg>
<doc>Pauses the test executed for the given time.</doc>
<msg timestamp="20220930 20:23:36.820" level="INFO">Slept 10 seconds</msg>
<status status="PASS" starttime="20220930 20:23:26.807" endtime="20220930 20:23:36.820"/>
</kw>
<status status="PASS" starttime="20220930 20:23:15.619" endtime="20220930 20:23:36.822"/>
</kw>
<kw name="Action_For_LOGIN" library="resource">
<kw name="Input Text" library="AppiumLibrary">
<arg>${loginuser_ID}</arg>
<arg>${number}</arg>
<doc>Types the given `text` into text field identified by `locator`.</doc>
<msg timestamp="20220930 20:23:36.840" level="INFO">Typing text '01408290385' into text field 'com.praava.patientportal:id/login_user'</msg>
<status status="PASS" starttime="20220930 20:23:36.823" endtime="20220930 20:23:37.009"/>
</kw>
<kw name="Sleep" library="BuiltIn">
<arg>5</arg>
<doc>Pauses the test executed for the given time.</doc>
<msg timestamp="20220930 20:23:42.022" level="INFO">Slept 5 seconds</msg>
<status status="PASS" starttime="20220930 20:23:37.011" endtime="20220930 20:23:42.023"/>
</kw>
<kw name="Input Text" library="AppiumLibrary">
<arg>${loginpass_ID}</arg>
<arg>${password}</arg>
<doc>Types the given `text` into text field identified by `locator`.</doc>
<msg timestamp="20220930 20:23:42.069" level="INFO">Typing text 'Tonoy123' into text field 'com.praava.patientportal:id/login_password'</msg>
<status status="PASS" starttime="20220930 20:23:42.028" endtime="20220930 20:23:42.152"/>
</kw>
<kw name="Sleep" library="BuiltIn">
<arg>5</arg>
<doc>Pauses the test executed for the given time.</doc>
<msg timestamp="20220930 20:23:47.159" level="INFO">Slept 5 seconds</msg>
<status status="PASS" starttime="20220930 20:23:42.153" endtime="20220930 20:23:47.159"/>
</kw>
<kw name="Click Element" library="AppiumLibrary">
<arg>${login_ID}</arg>
<doc>Click element identified by `locator`.</doc>
<msg timestamp="20220930 20:23:47.198" level="INFO">Clicking element 'com.praava.patientportal:id/login_btn'.</msg>
<status status="PASS" starttime="20220930 20:23:47.185" endtime="20220930 20:23:47.306"/>
</kw>
<kw name="Sleep" library="BuiltIn">
<arg>5</arg>
<doc>Pauses the test executed for the given time.</doc>
<msg timestamp="20220930 20:23:52.321" level="INFO">Slept 5 seconds</msg>
<status status="PASS" starttime="20220930 20:23:47.307" endtime="20220930 20:23:52.321"/>
</kw>
<status status="PASS" starttime="20220930 20:23:36.823" endtime="20220930 20:23:52.325"/>
</kw>
<kw name="Action_For_Health_Check" library="resource">
<kw name="Click Element" library="AppiumLibrary">
<arg>${bookhealth_ID}</arg>
<doc>Click element identified by `locator`.</doc>
<msg timestamp="20220930 20:23:52.364" level="INFO">Clicking element 'com.praava.patientportal:id/ButtonbookHealthCheck'.</msg>
<status status="PASS" starttime="20220930 20:23:52.331" endtime="20220930 20:23:52.444"/>
</kw>
<kw name="Sleep" library="BuiltIn">
<arg>5</arg>
<doc>Pauses the test executed for the given time.</doc>
<msg timestamp="20220930 20:23:57.475" level="INFO">Slept 5 seconds</msg>
<status status="PASS" starttime="20220930 20:23:52.471" endtime="20220930 20:23:57.476"/>
</kw>
<kw name="Click Element" library="AppiumLibrary">
<arg>${annualplan_XPATH}</arg>
<doc>Click element identified by `locator`.</doc>
<msg timestamp="20220930 20:23:57.498" level="INFO">Clicking element 'XPATH=//android.widget.TextView[@text="Annual Membership Plan"]'.</msg>
<status status="PASS" starttime="20220930 20:23:57.479" endtime="20220930 20:23:59.071"/>
</kw>
<kw name="Sleep" library="BuiltIn">
<arg>5</arg>
<doc>Pauses the test executed for the given time.</doc>
<msg timestamp="20220930 20:24:04.075" level="INFO">Slept 5 seconds</msg>
<status status="PASS" starttime="20220930 20:23:59.074" endtime="20220930 20:24:04.075"/>
</kw>
<kw name="Click Element" library="AppiumLibrary">
<arg>${viewdetils_ID}</arg>
<doc>Click element identified by `locator`.</doc>
<msg timestamp="20220930 20:24:04.092" level="INFO">Clicking element 'com.praava.patientportal:id/buttonDetails'.</msg>
<status status="PASS" starttime="20220930 20:24:04.077" endtime="20220930 20:24:04.220"/>
</kw>
<kw name="Sleep" library="BuiltIn">
<arg>5</arg>
<doc>Pauses the test executed for the given time.</doc>
<msg timestamp="20220930 20:24:09.236" level="INFO">Slept 5 seconds</msg>
<status status="PASS" starttime="20220930 20:24:04.223" endtime="20220930 20:24:09.236"/>
</kw>
<kw name="Click Element" library="AppiumLibrary">
<arg>${ecg_XPATH}</arg>
<doc>Click element identified by `locator`.</doc>
<msg timestamp="20220930 20:24:09.242" level="INFO">Clicking element '//android.widget.TextView[@text="ECG"]'.</msg>
<status status="PASS" starttime="20220930 20:24:09.237" endtime="20220930 20:24:09.939"/>
</kw>
<kw name="Sleep" library="BuiltIn">
<arg>5</arg>
<doc>Pauses the test executed for the given time.</doc>
<msg timestamp="20220930 20:24:14.943" level="INFO">Slept 5 seconds</msg>
<status status="PASS" starttime="20220930 20:24:09.941" endtime="20220930 20:24:14.943"/>
</kw>
<kw name="Click Element" library="AppiumLibrary">
<arg>${booked_ID}</arg>
<doc>Click element identified by `locator`.</doc>
<msg timestamp="20220930 20:24:14.970" level="INFO">Clicking element 'com.praava.patientportal:id/buttonBook'.</msg>
<status status="PASS" starttime="20220930 20:24:14.947" endtime="20220930 20:24:15.026"/>
</kw>
<kw name="Sleep" library="BuiltIn">
<arg>5</arg>
<doc>Pauses the test executed for the given time.</doc>
<msg timestamp="20220930 20:24:20.035" level="INFO">Slept 5 seconds</msg>
<status status="PASS" starttime="20220930 20:24:15.027" endtime="20220930 20:24:20.035"/>
</kw>
<kw name="Go Back" library="AppiumLibrary">
<doc>Goes one step backward in the browser history.</doc>
<status status="PASS" starttime="20220930 20:24:20.038" endtime="20220930 20:24:20.095"/>
</kw>
<kw name="Sleep" library="BuiltIn">
<arg>5</arg>
<doc>Pauses the test executed for the given time.</doc>
<msg timestamp="20220930 20:24:25.100" level="INFO">Slept 5 seconds</msg>
<status status="PASS" starttime="20220930 20:24:20.096" endtime="20220930 20:24:25.101"/>
</kw>
<kw name="Click Element" library="AppiumLibrary">
<arg>${healthcheck_XPATH}</arg>
<doc>Click element identified by `locator`.</doc>
<msg timestamp="20220930 20:24:25.126" level="INFO">Clicking element 'XPATH= //android.widget.TextView[@text="health check"]'.</msg>
<kw name="Capture Page Screenshot" library="AppiumLibrary">
<doc>Takes a screenshot of the current page and embeds it into the log.</doc>
<msg timestamp="20220930 20:24:26.279" level="INFO" html="true">&lt;/td&gt;&lt;/tr&gt;&lt;tr&gt;&lt;td colspan="3"&gt;&lt;a href="appium-screenshot-1.png"&gt;&lt;img src="appium-screenshot-1.png" width="800px"&gt;&lt;/a&gt;</msg>
<status status="PASS" starttime="20220930 20:24:25.314" endtime="20220930 20:24:26.280"/>
</kw>
<msg timestamp="20220930 20:24:26.282" level="FAIL">ValueError: Element locator 'XPATH= //android.widget.TextView[@text="health check"]' did not match any elements.</msg>
<status status="FAIL" starttime="20220930 20:24:25.105" endtime="20220930 20:24:26.283"/>
</kw>
<kw name="Sleep" library="BuiltIn">
<arg>5</arg>
<doc>Pauses the test executed for the given time.</doc>
<status status="NOT RUN" starttime="20220930 20:24:26.285" endtime="20220930 20:24:26.285"/>
</kw>
<kw name="Click Element" library="AppiumLibrary">
<arg>${diabetesviewdetails_XPATH}</arg>
<doc>Click element identified by `locator`.</doc>
<status status="NOT RUN" starttime="20220930 20:24:26.285" endtime="20220930 20:24:26.285"/>
</kw>
<kw name="Sleep" library="BuiltIn">
<arg>5</arg>
<doc>Pauses the test executed for the given time.</doc>
<status status="NOT RUN" starttime="20220930 20:24:26.286" endtime="20220930 20:24:26.286"/>
</kw>
<kw name="Click Element" library="AppiumLibrary">
<arg>${booked1_XPATH}</arg>
<doc>Click element identified by `locator`.</doc>
<status status="NOT RUN" starttime="20220930 20:24:26.286" endtime="20220930 20:24:26.286"/>
</kw>
<kw name="Sleep" library="BuiltIn">
<arg>5</arg>
<doc>Pauses the test executed for the given time.</doc>
<status status="NOT RUN" starttime="20220930 20:24:26.287" endtime="20220930 20:24:26.287"/>
</kw>
<kw name="Go Back" library="AppiumLibrary">
<doc>Goes one step backward in the browser history.</doc>
<status status="NOT RUN" starttime="20220930 20:24:26.287" endtime="20220930 20:24:26.288"/>
</kw>
<kw name="Sleep" library="BuiltIn">
<arg>5</arg>
<doc>Pauses the test executed for the given time.</doc>
<status status="NOT RUN" starttime="20220930 20:24:26.288" endtime="20220930 20:24:26.288"/>
</kw>
<kw name="Go Back" library="AppiumLibrary">
<doc>Goes one step backward in the browser history.</doc>
<status status="NOT RUN" starttime="20220930 20:24:26.288" endtime="20220930 20:24:26.289"/>
</kw>
<kw name="Sleep" library="BuiltIn">
<arg>5</arg>
<doc>Pauses the test executed for the given time.</doc>
<status status="NOT RUN" starttime="20220930 20:24:26.289" endtime="20220930 20:24:26.289"/>
</kw>
<status status="FAIL" starttime="20220930 20:23:52.328" endtime="20220930 20:24:26.290"/>
</kw>
<kw name="Quit Application" library="AppiumLibrary" type="TEARDOWN">
<doc>Quit application. Application can be quit while Appium session is kept alive.
This keyword can be used to close application during test case or between test cases.</doc>
<status status="PASS" starttime="20220930 20:24:26.291" endtime="20220930 20:24:26.404"/>
</kw>
<status status="FAIL" starttime="20220930 20:23:15.618" endtime="20220930 20:24:26.405">ValueError: Element locator 'XPATH= //android.widget.TextView[@text="health check"]' did not match any elements.</status>
</test>
<status status="FAIL" starttime="20220930 20:23:15.581" endtime="20220930 20:24:26.424"/>
</suite>
<suite id="s1-s5" name="Test Link" source="C:\Users\USER\Downloads\iOS-Robotframework-Appium-POM-master\ANDROID-Robotframework-Appium-POM-master\test\test_link.robot">
<test id="s1-s5-t1" name="OPEN_APP" line="9">
<kw name="Open_ANDROID_Test_App" library="BasePage" type="SETUP">
<kw name="Open Application" library="AppiumLibrary">
<arg>http://127.0.0.1:4723/wd/hub</arg>
<arg>automationName=${ANDROID_AUTOMATION_NAME}</arg>
<arg>app=${ANDROID_APP}</arg>
<arg>platformName=${ANDROID_PLATFORM_NAME}</arg>
<arg>platformVersion=${ANDROID_PLATFORM_VERSION}</arg>
<arg>deviceName=${ANDROID_DEVICE_NAME}</arg>
<arg>noReset=${NO_RESET}</arg>
<doc>Opens a new application to given Appium server.
Capabilities of appium server, Android and iOS,
Please check https://github.com/appium/appium/blob/master/docs/en/writing-running-appium/server-args.md
| *Option*            | *Man.* | *Description*     |
| remote_url          | Yes    | Appium server url |
| alias               | no     | alias             |</doc>
<status status="PASS" starttime="20220930 20:24:26.450" endtime="20220930 20:24:36.538"/>
</kw>
<kw name="Sleep" library="BuiltIn">
<arg>10</arg>
<doc>Pauses the test executed for the given time.</doc>
<msg timestamp="20220930 20:24:46.546" level="INFO">Slept 10 seconds</msg>
<status status="PASS" starttime="20220930 20:24:36.539" endtime="20220930 20:24:46.546"/>
</kw>
<status status="PASS" starttime="20220930 20:24:26.449" endtime="20220930 20:24:46.551"/>
</kw>
<kw name="Action_For_LOGIN" library="resource">
<kw name="Input Text" library="AppiumLibrary">
<arg>${loginuser_ID}</arg>
<arg>${number}</arg>
<doc>Types the given `text` into text field identified by `locator`.</doc>
<msg timestamp="20220930 20:24:46.585" level="INFO">Typing text '01408290385' into text field 'com.praava.patientportal:id/login_user'</msg>
<status status="PASS" starttime="20220930 20:24:46.555" endtime="20220930 20:24:46.721"/>
</kw>
<kw name="Sleep" library="BuiltIn">
<arg>5</arg>
<doc>Pauses the test executed for the given time.</doc>
<msg timestamp="20220930 20:24:51.726" level="INFO">Slept 5 seconds</msg>
<status status="PASS" starttime="20220930 20:24:46.723" endtime="20220930 20:24:51.727"/>
</kw>
<kw name="Input Text" library="AppiumLibrary">
<arg>${loginpass_ID}</arg>
<arg>${password}</arg>
<doc>Types the given `text` into text field identified by `locator`.</doc>
<msg timestamp="20220930 20:24:51.769" level="INFO">Typing text 'Tonoy123' into text field 'com.praava.patientportal:id/login_password'</msg>
<status status="PASS" starttime="20220930 20:24:51.730" endtime="20220930 20:24:51.876"/>
</kw>
<kw name="Sleep" library="BuiltIn">
<arg>5</arg>
<doc>Pauses the test executed for the given time.</doc>
<msg timestamp="20220930 20:24:56.883" level="INFO">Slept 5 seconds</msg>
<status status="PASS" starttime="20220930 20:24:51.878" endtime="20220930 20:24:56.883"/>
</kw>
<kw name="Click Element" library="AppiumLibrary">
<arg>${login_ID}</arg>
<doc>Click element identified by `locator`.</doc>
<msg timestamp="20220930 20:24:56.889" level="INFO">Clicking element 'com.praava.patientportal:id/login_btn'.</msg>
<status status="PASS" starttime="20220930 20:24:56.884" endtime="20220930 20:24:56.952"/>
</kw>
<kw name="Sleep" library="BuiltIn">
<arg>5</arg>
<doc>Pauses the test executed for the given time.</doc>
<msg timestamp="20220930 20:25:01.957" level="INFO">Slept 5 seconds</msg>
<status status="PASS" starttime="20220930 20:24:56.954" endtime="20220930 20:25:01.957"/>
</kw>
<status status="PASS" starttime="20220930 20:24:46.554" endtime="20220930 20:25:01.962"/>
</kw>
<kw name="Action_For_link" library="resource">
<kw name="Click Element" library="AppiumLibrary">
<arg>${linkfamilysaccount_ID}</arg>
<doc>Click element identified by `locator`.</doc>
<msg timestamp="20220930 20:25:01.984" level="INFO">Clicking element 'com.praava.patientportal:id/ButtonExcellence'.</msg>
<status status="PASS" starttime="20220930 20:25:01.966" endtime="20220930 20:25:02.079"/>
</kw>
<kw name="Sleep" library="BuiltIn">
<arg>5</arg>
<doc>Pauses the test executed for the given time.</doc>
<msg timestamp="20220930 20:25:07.090" level="INFO">Slept 5 seconds</msg>
<status status="PASS" starttime="20220930 20:25:02.080" endtime="20220930 20:25:07.090"/>
</kw>
<kw name="Click Element" library="AppiumLibrary">
<arg>${linkfamilysaccountok_ID}</arg>
<doc>Click element identified by `locator`.</doc>
<msg timestamp="20220930 20:25:07.113" level="INFO">Clicking element 'android:id/button1'.</msg>
<status status="PASS" starttime="20220930 20:25:07.094" endtime="20220930 20:25:07.168"/>
</kw>
<kw name="Sleep" library="BuiltIn">
<arg>5</arg>
<doc>Pauses the test executed for the given time.</doc>
<msg timestamp="20220930 20:25:12.170" level="INFO">Slept 5 seconds</msg>
<status status="PASS" starttime="20220930 20:25:07.169" endtime="20220930 20:25:12.170"/>
</kw>
<kw name="Click Element" library="AppiumLibrary">
<arg>${addprofile_ID}</arg>
<doc>Click element identified by `locator`.</doc>
<msg timestamp="20220930 20:25:12.191" level="INFO">Clicking element 'com.praava.patientportal:id/fab'.</msg>
<status status="PASS" starttime="20220930 20:25:12.174" endtime="20220930 20:25:12.250"/>
</kw>
<kw name="Sleep" library="BuiltIn">
<arg>5</arg>
<doc>Pauses the test executed for the given time.</doc>
<msg timestamp="20220930 20:25:17.252" level="INFO">Slept 5 seconds</msg>
<status status="PASS" starttime="20220930 20:25:12.251" endtime="20220930 20:25:17.252"/>
</kw>
<kw name="Click Element" library="AppiumLibrary">
<arg>${cross_ID}</arg>
<doc>Click element identified by `locator`.</doc>
<msg timestamp="20220930 20:25:17.260" level="INFO">Clicking element 'com.praava.patientportal:id/fab'.</msg>
<status status="PASS" starttime="20220930 20:25:17.253" endtime="20220930 20:25:17.319"/>
</kw>
<kw name="Sleep" library="BuiltIn">
<arg>5</arg>
<doc>Pauses the test executed for the given time.</doc>
<msg timestamp="20220930 20:25:22.322" level="INFO">Slept 5 seconds</msg>
<status status="PASS" starttime="20220930 20:25:17.321" endtime="20220930 20:25:22.322"/>
</kw>
<kw name="Go Back" library="AppiumLibrary">
<doc>Goes one step backward in the browser history.</doc>
<status status="PASS" starttime="20220930 20:25:22.326" endtime="20220930 20:25:22.594"/>
</kw>
<kw name="Sleep" library="BuiltIn">
<arg>5</arg>
<doc>Pauses the test executed for the given time.</doc>
<msg timestamp="20220930 20:25:27.604" level="INFO">Slept 5 seconds</msg>
<status status="PASS" starttime="20220930 20:25:22.595" endtime="20220930 20:25:27.604"/>
</kw>
<status status="PASS" starttime="20220930 20:25:01.964" endtime="20220930 20:25:27.606"/>
</kw>
<kw name="Quit Application" library="AppiumLibrary" type="TEARDOWN">
<doc>Quit application. Application can be quit while Appium session is kept alive.
This keyword can be used to close application during test case or between test cases.</doc>
<status status="PASS" starttime="20220930 20:25:27.608" endtime="20220930 20:25:27.798"/>
</kw>
<status status="PASS" starttime="20220930 20:24:26.448" endtime="20220930 20:25:27.799"/>
</test>
<status status="PASS" starttime="20220930 20:24:26.429" endtime="20220930 20:25:27.830"/>
</suite>
<suite id="s1-s6" name="test Login" source="C:\Users\USER\Downloads\iOS-Robotframework-Appium-POM-master\ANDROID-Robotframework-Appium-POM-master\test\test_Login.robot">
<test id="s1-s6-t1" name="OPEN_APP" line="9">
<kw name="Open_ANDROID_Test_App" library="BasePage" type="SETUP">
<kw name="Open Application" library="AppiumLibrary">
<arg>http://127.0.0.1:4723/wd/hub</arg>
<arg>automationName=${ANDROID_AUTOMATION_NAME}</arg>
<arg>app=${ANDROID_APP}</arg>
<arg>platformName=${ANDROID_PLATFORM_NAME}</arg>
<arg>platformVersion=${ANDROID_PLATFORM_VERSION}</arg>
<arg>deviceName=${ANDROID_DEVICE_NAME}</arg>
<arg>noReset=${NO_RESET}</arg>
<doc>Opens a new application to given Appium server.
Capabilities of appium server, Android and iOS,
Please check https://github.com/appium/appium/blob/master/docs/en/writing-running-appium/server-args.md
| *Option*            | *Man.* | *Description*     |
| remote_url          | Yes    | Appium server url |
| alias               | no     | alias             |</doc>
<status status="PASS" starttime="20220930 20:25:27.868" endtime="20220930 20:25:38.550"/>
</kw>
<kw name="Sleep" library="BuiltIn">
<arg>10</arg>
<doc>Pauses the test executed for the given time.</doc>
<msg timestamp="20220930 20:25:48.566" level="INFO">Slept 10 seconds</msg>
<status status="PASS" starttime="20220930 20:25:38.551" endtime="20220930 20:25:48.566"/>
</kw>
<status status="PASS" starttime="20220930 20:25:27.867" endtime="20220930 20:25:48.568"/>
</kw>
<kw name="Action_For_LOGIN" library="resource">
<kw name="Input Text" library="AppiumLibrary">
<arg>${loginuser_ID}</arg>
<arg>${number}</arg>
<doc>Types the given `text` into text field identified by `locator`.</doc>
<msg timestamp="20220930 20:25:48.575" level="INFO">Typing text '01408290385' into text field 'com.praava.patientportal:id/login_user'</msg>
<status status="PASS" starttime="20220930 20:25:48.570" endtime="20220930 20:25:48.697"/>
</kw>
<kw name="Sleep" library="BuiltIn">
<arg>5</arg>
<doc>Pauses the test executed for the given time.</doc>
<msg timestamp="20220930 20:25:53.714" level="INFO">Slept 5 seconds</msg>
<status status="PASS" starttime="20220930 20:25:48.699" endtime="20220930 20:25:53.715"/>
</kw>
<kw name="Input Text" library="AppiumLibrary">
<arg>${loginpass_ID}</arg>
<arg>${password}</arg>
<doc>Types the given `text` into text field identified by `locator`.</doc>
<msg timestamp="20220930 20:25:53.743" level="INFO">Typing text 'Tonoy123' into text field 'com.praava.patientportal:id/login_password'</msg>
<status status="PASS" starttime="20220930 20:25:53.720" endtime="20220930 20:25:53.816"/>
</kw>
<kw name="Sleep" library="BuiltIn">
<arg>5</arg>
<doc>Pauses the test executed for the given time.</doc>
<msg timestamp="20220930 20:25:58.822" level="INFO">Slept 5 seconds</msg>
<status status="PASS" starttime="20220930 20:25:53.818" endtime="20220930 20:25:58.822"/>
</kw>
<kw name="Click Element" library="AppiumLibrary">
<arg>${login_ID}</arg>
<doc>Click element identified by `locator`.</doc>
<msg timestamp="20220930 20:25:58.829" level="INFO">Clicking element 'com.praava.patientportal:id/login_btn'.</msg>
<status status="PASS" starttime="20220930 20:25:58.823" endtime="20220930 20:25:58.903"/>
</kw>
<kw name="Sleep" library="BuiltIn">
<arg>5</arg>
<doc>Pauses the test executed for the given time.</doc>
<msg timestamp="20220930 20:26:03.920" level="INFO">Slept 5 seconds</msg>
<status status="PASS" starttime="20220930 20:25:58.904" endtime="20220930 20:26:03.921"/>
</kw>
<status status="PASS" starttime="20220930 20:25:48.569" endtime="20220930 20:26:03.925"/>
</kw>
<kw name="Quit Application" library="AppiumLibrary" type="TEARDOWN">
<doc>Quit application. Application can be quit while Appium session is kept alive.
This keyword can be used to close application during test case or between test cases.</doc>
<status status="PASS" starttime="20220930 20:26:03.928" endtime="20220930 20:26:04.114"/>
</kw>
<status status="PASS" starttime="20220930 20:25:27.866" endtime="20220930 20:26:04.115"/>
</test>
<status status="PASS" starttime="20220930 20:25:27.837" endtime="20220930 20:26:04.149"/>
</suite>
<suite id="s1-s7" name="test LogOut" source="C:\Users\USER\Downloads\iOS-Robotframework-Appium-POM-master\ANDROID-Robotframework-Appium-POM-master\test\test_LogOut.robot">
<test id="s1-s7-t1" name="OPEN_APP" line="9">
<kw name="Open_ANDROID_Test_App" library="BasePage" type="SETUP">
<kw name="Open Application" library="AppiumLibrary">
<arg>http://127.0.0.1:4723/wd/hub</arg>
<arg>automationName=${ANDROID_AUTOMATION_NAME}</arg>
<arg>app=${ANDROID_APP}</arg>
<arg>platformName=${ANDROID_PLATFORM_NAME}</arg>
<arg>platformVersion=${ANDROID_PLATFORM_VERSION}</arg>
<arg>deviceName=${ANDROID_DEVICE_NAME}</arg>
<arg>noReset=${NO_RESET}</arg>
<doc>Opens a new application to given Appium server.
Capabilities of appium server, Android and iOS,
Please check https://github.com/appium/appium/blob/master/docs/en/writing-running-appium/server-args.md
| *Option*            | *Man.* | *Description*     |
| remote_url          | Yes    | Appium server url |
| alias               | no     | alias             |</doc>
<status status="PASS" starttime="20220930 20:26:04.186" endtime="20220930 20:26:15.627"/>
</kw>
<kw name="Sleep" library="BuiltIn">
<arg>10</arg>
<doc>Pauses the test executed for the given time.</doc>
<msg timestamp="20220930 20:26:25.630" level="INFO">Slept 10 seconds</msg>
<status status="PASS" starttime="20220930 20:26:15.628" endtime="20220930 20:26:25.631"/>
</kw>
<status status="PASS" starttime="20220930 20:26:04.185" endtime="20220930 20:26:25.635"/>
</kw>
<kw name="Action_For_LOGIN" library="resource">
<kw name="Input Text" library="AppiumLibrary">
<arg>${loginuser_ID}</arg>
<arg>${number}</arg>
<doc>Types the given `text` into text field identified by `locator`.</doc>
<msg timestamp="20220930 20:26:25.663" level="INFO">Typing text '01408290385' into text field 'com.praava.patientportal:id/login_user'</msg>
<status status="PASS" starttime="20220930 20:26:25.639" endtime="20220930 20:26:25.815"/>
</kw>
<kw name="Sleep" library="BuiltIn">
<arg>5</arg>
<doc>Pauses the test executed for the given time.</doc>
<msg timestamp="20220930 20:26:30.823" level="INFO">Slept 5 seconds</msg>
<status status="PASS" starttime="20220930 20:26:25.816" endtime="20220930 20:26:30.823"/>
</kw>
<kw name="Input Text" library="AppiumLibrary">
<arg>${loginpass_ID}</arg>
<arg>${password}</arg>
<doc>Types the given `text` into text field identified by `locator`.</doc>
<msg timestamp="20220930 20:26:30.830" level="INFO">Typing text 'Tonoy123' into text field 'com.praava.patientportal:id/login_password'</msg>
<kw name="Capture Page Screenshot" library="AppiumLibrary">
<doc>Takes a screenshot of the current page and embeds it into the log.</doc>
<msg timestamp="20220930 20:26:31.927" level="INFO" html="true">&lt;/td&gt;&lt;/tr&gt;&lt;tr&gt;&lt;td colspan="3"&gt;&lt;a href="appium-screenshot-2.png"&gt;&lt;img src="appium-screenshot-2.png" width="800px"&gt;&lt;/a&gt;</msg>
<status status="PASS" starttime="20220930 20:26:30.864" endtime="20220930 20:26:31.927"/>
</kw>
<msg timestamp="20220930 20:26:31.929" level="FAIL">ValueError: Element locator 'com.praava.patientportal:id/login_password' did not match any elements.</msg>
<status status="FAIL" starttime="20220930 20:26:30.824" endtime="20220930 20:26:31.929"/>
</kw>
<kw name="Sleep" library="BuiltIn">
<arg>5</arg>
<doc>Pauses the test executed for the given time.</doc>
<status status="NOT RUN" starttime="20220930 20:26:31.930" endtime="20220930 20:26:31.931"/>
</kw>
<kw name="Click Element" library="AppiumLibrary">
<arg>${login_ID}</arg>
<doc>Click element identified by `locator`.</doc>
<status status="NOT RUN" starttime="20220930 20:26:31.931" endtime="20220930 20:26:31.931"/>
</kw>
<kw name="Sleep" library="BuiltIn">
<arg>5</arg>
<doc>Pauses the test executed for the given time.</doc>
<status status="NOT RUN" starttime="20220930 20:26:31.932" endtime="20220930 20:26:31.932"/>
</kw>
<status status="FAIL" starttime="20220930 20:26:25.637" endtime="20220930 20:26:31.933"/>
</kw>
<kw name="Action_For_Logout" library="resource">
<status status="NOT RUN" starttime="20220930 20:26:31.934" endtime="20220930 20:26:31.934"/>
</kw>
<kw name="Quit Application" library="AppiumLibrary" type="TEARDOWN">
<doc>Quit application. Application can be quit while Appium session is kept alive.
This keyword can be used to close application during test case or between test cases.</doc>
<status status="PASS" starttime="20220930 20:26:31.935" endtime="20220930 20:26:32.034"/>
</kw>
<status status="FAIL" starttime="20220930 20:26:04.184" endtime="20220930 20:26:32.035">ValueError: Element locator 'com.praava.patientportal:id/login_password' did not match any elements.</status>
</test>
<status status="FAIL" starttime="20220930 20:26:04.156" endtime="20220930 20:26:32.054"/>
</suite>
<suite id="s1-s8" name="Test Maping" source="C:\Users\USER\Downloads\iOS-Robotframework-Appium-POM-master\ANDROID-Robotframework-Appium-POM-master\test\test_maping.robot">
<test id="s1-s8-t1" name="OPEN_APP" line="9">
<kw name="Open_ANDROID_Test_App" library="BasePage" type="SETUP">
<kw name="Open Application" library="AppiumLibrary">
<arg>http://127.0.0.1:4723/wd/hub</arg>
<arg>automationName=${ANDROID_AUTOMATION_NAME}</arg>
<arg>app=${ANDROID_APP}</arg>
<arg>platformName=${ANDROID_PLATFORM_NAME}</arg>
<arg>platformVersion=${ANDROID_PLATFORM_VERSION}</arg>
<arg>deviceName=${ANDROID_DEVICE_NAME}</arg>
<arg>noReset=${NO_RESET}</arg>
<doc>Opens a new application to given Appium server.
Capabilities of appium server, Android and iOS,
Please check https://github.com/appium/appium/blob/master/docs/en/writing-running-appium/server-args.md
| *Option*            | *Man.* | *Description*     |
| remote_url          | Yes    | Appium server url |
| alias               | no     | alias             |</doc>
<status status="PASS" starttime="20220930 20:26:32.078" endtime="20220930 20:26:42.385"/>
</kw>
<kw name="Sleep" library="BuiltIn">
<arg>10</arg>
<doc>Pauses the test executed for the given time.</doc>
<msg timestamp="20220930 20:26:52.389" level="INFO">Slept 10 seconds</msg>
<status status="PASS" starttime="20220930 20:26:42.386" endtime="20220930 20:26:52.389"/>
</kw>
<status status="PASS" starttime="20220930 20:26:32.077" endtime="20220930 20:26:52.395"/>
</kw>
<kw name="Action_For_LOGIN" library="resource">
<kw name="Input Text" library="AppiumLibrary">
<arg>${loginuser_ID}</arg>
<arg>${number}</arg>
<doc>Types the given `text` into text field identified by `locator`.</doc>
<msg timestamp="20220930 20:26:52.411" level="INFO">Typing text '01408290385' into text field 'com.praava.patientportal:id/login_user'</msg>
<status status="PASS" starttime="20220930 20:26:52.400" endtime="20220930 20:26:52.506"/>
</kw>
<kw name="Sleep" library="BuiltIn">
<arg>5</arg>
<doc>Pauses the test executed for the given time.</doc>
<msg timestamp="20220930 20:26:57.521" level="INFO">Slept 5 seconds</msg>
<status status="PASS" starttime="20220930 20:26:52.508" endtime="20220930 20:26:57.521"/>
</kw>
<kw name="Input Text" library="AppiumLibrary">
<arg>${loginpass_ID}</arg>
<arg>${password}</arg>
<doc>Types the given `text` into text field identified by `locator`.</doc>
<msg timestamp="20220930 20:26:57.563" level="INFO">Typing text 'Tonoy123' into text field 'com.praava.patientportal:id/login_password'</msg>
<status status="PASS" starttime="20220930 20:26:57.525" endtime="20220930 20:26:57.645"/>
</kw>
<kw name="Sleep" library="BuiltIn">
<arg>5</arg>
<doc>Pauses the test executed for the given time.</doc>
<msg timestamp="20220930 20:27:02.656" level="INFO">Slept 5 seconds</msg>
<status status="PASS" starttime="20220930 20:26:57.647" endtime="20220930 20:27:02.656"/>
</kw>
<kw name="Click Element" library="AppiumLibrary">
<arg>${login_ID}</arg>
<doc>Click element identified by `locator`.</doc>
<msg timestamp="20220930 20:27:02.664" level="INFO">Clicking element 'com.praava.patientportal:id/login_btn'.</msg>
<status status="PASS" starttime="20220930 20:27:02.658" endtime="20220930 20:27:02.742"/>
</kw>
<kw name="Sleep" library="BuiltIn">
<arg>5</arg>
<doc>Pauses the test executed for the given time.</doc>
<msg timestamp="20220930 20:27:07.757" level="INFO">Slept 5 seconds</msg>
<status status="PASS" starttime="20220930 20:27:02.743" endtime="20220930 20:27:07.757"/>
</kw>
<status status="PASS" starttime="20220930 20:26:52.398" endtime="20220930 20:27:07.758"/>
</kw>
<kw name="Action_For_Map" library="resource">
<kw name="Click Element" library="AppiumLibrary">
<arg>${map_ID}</arg>
<doc>Click element identified by `locator`.</doc>
<msg timestamp="20220930 20:27:07.772" level="INFO">Clicking element 'com.praava.patientportal:id/ButtonMap'.</msg>
<kw name="Capture Page Screenshot" library="AppiumLibrary">
<doc>Takes a screenshot of the current page and embeds it into the log.</doc>
<msg timestamp="20220930 20:27:08.792" level="INFO" html="true">&lt;/td&gt;&lt;/tr&gt;&lt;tr&gt;&lt;td colspan="3"&gt;&lt;a href="appium-screenshot-3.png"&gt;&lt;img src="appium-screenshot-3.png" width="800px"&gt;&lt;/a&gt;</msg>
<status status="PASS" starttime="20220930 20:27:07.824" endtime="20220930 20:27:08.792"/>
</kw>
<msg timestamp="20220930 20:27:08.794" level="FAIL">ValueError: Element locator 'com.praava.patientportal:id/ButtonMap' did not match any elements.</msg>
<status status="FAIL" starttime="20220930 20:27:07.761" endtime="20220930 20:27:08.794"/>
</kw>
<kw name="Sleep" library="BuiltIn">
<arg>5</arg>
<doc>Pauses the test executed for the given time.</doc>
<status status="NOT RUN" starttime="20220930 20:27:08.796" endtime="20220930 20:27:08.796"/>
</kw>
<kw name="Click Element" library="AppiumLibrary">
<arg>${mapallow_ID}</arg>
<doc>Click element identified by `locator`.</doc>
<status status="NOT RUN" starttime="20220930 20:27:08.796" endtime="20220930 20:27:08.796"/>
</kw>
<kw name="Sleep" library="BuiltIn">
<arg>5</arg>
<doc>Pauses the test executed for the given time.</doc>
<status status="NOT RUN" starttime="20220930 20:27:08.797" endtime="20220930 20:27:08.797"/>
</kw>
<kw name="Go Back" library="AppiumLibrary">
<doc>Goes one step backward in the browser history.</doc>
<status status="NOT RUN" starttime="20220930 20:27:08.797" endtime="20220930 20:27:08.797"/>
</kw>
<kw name="Sleep" library="BuiltIn">
<arg>5</arg>
<doc>Pauses the test executed for the given time.</doc>
<status status="NOT RUN" starttime="20220930 20:27:08.797" endtime="20220930 20:27:08.798"/>
</kw>
<status status="FAIL" starttime="20220930 20:27:07.760" endtime="20220930 20:27:08.798"/>
</kw>
<kw name="Quit Application" library="AppiumLibrary" type="TEARDOWN">
<doc>Quit application. Application can be quit while Appium session is kept alive.
This keyword can be used to close application during test case or between test cases.</doc>
<status status="PASS" starttime="20220930 20:27:08.799" endtime="20220930 20:27:08.876"/>
</kw>
<status status="FAIL" starttime="20220930 20:26:32.076" endtime="20220930 20:27:08.877">ValueError: Element locator 'com.praava.patientportal:id/ButtonMap' did not match any elements.</status>
</test>
<status status="FAIL" starttime="20220930 20:26:32.058" endtime="20220930 20:27:08.897"/>
</suite>
<suite id="s1-s9" name="test membershipPlan" source="C:\Users\USER\Downloads\iOS-Robotframework-Appium-POM-master\ANDROID-Robotframework-Appium-POM-master\test\test_membershipPlan.robot">
<test id="s1-s9-t1" name="OPEN_APP" line="9">
<kw name="Open_ANDROID_Test_App" library="BasePage" type="SETUP">
<kw name="Open Application" library="AppiumLibrary">
<arg>http://127.0.0.1:4723/wd/hub</arg>
<arg>automationName=${ANDROID_AUTOMATION_NAME}</arg>
<arg>app=${ANDROID_APP}</arg>
<arg>platformName=${ANDROID_PLATFORM_NAME}</arg>
<arg>platformVersion=${ANDROID_PLATFORM_VERSION}</arg>
<arg>deviceName=${ANDROID_DEVICE_NAME}</arg>
<arg>noReset=${NO_RESET}</arg>
<doc>Opens a new application to given Appium server.
Capabilities of appium server, Android and iOS,
Please check https://github.com/appium/appium/blob/master/docs/en/writing-running-appium/server-args.md
| *Option*            | *Man.* | *Description*     |
| remote_url          | Yes    | Appium server url |
| alias               | no     | alias             |</doc>
<status status="PASS" starttime="20220930 20:27:08.922" endtime="20220930 20:27:19.509"/>
</kw>
<kw name="Sleep" library="BuiltIn">
<arg>10</arg>
<doc>Pauses the test executed for the given time.</doc>
<msg timestamp="20220930 20:27:29.514" level="INFO">Slept 10 seconds</msg>
<status status="PASS" starttime="20220930 20:27:19.510" endtime="20220930 20:27:29.515"/>
</kw>
<status status="PASS" starttime="20220930 20:27:08.921" endtime="20220930 20:27:29.520"/>
</kw>
<kw name="Action_For_LOGIN" library="resource">
<kw name="Input Text" library="AppiumLibrary">
<arg>${loginuser_ID}</arg>
<arg>${number}</arg>
<doc>Types the given `text` into text field identified by `locator`.</doc>
<msg timestamp="20220930 20:27:29.562" level="INFO">Typing text '01408290385' into text field 'com.praava.patientportal:id/login_user'</msg>
<status status="PASS" starttime="20220930 20:27:29.527" endtime="20220930 20:27:29.697"/>
</kw>
<kw name="Sleep" library="BuiltIn">
<arg>5</arg>
<doc>Pauses the test executed for the given time.</doc>
<msg timestamp="20220930 20:27:34.707" level="INFO">Slept 5 seconds</msg>
<status status="PASS" starttime="20220930 20:27:29.699" endtime="20220930 20:27:34.707"/>
</kw>
<kw name="Input Text" library="AppiumLibrary">
<arg>${loginpass_ID}</arg>
<arg>${password}</arg>
<doc>Types the given `text` into text field identified by `locator`.</doc>
<msg timestamp="20220930 20:27:34.722" level="INFO">Typing text 'Tonoy123' into text field 'com.praava.patientportal:id/login_password'</msg>
<kw name="Capture Page Screenshot" library="AppiumLibrary">
<doc>Takes a screenshot of the current page and embeds it into the log.</doc>
<msg timestamp="20220930 20:27:36.075" level="INFO" html="true">&lt;/td&gt;&lt;/tr&gt;&lt;tr&gt;&lt;td colspan="3"&gt;&lt;a href="appium-screenshot-4.png"&gt;&lt;img src="appium-screenshot-4.png" width="800px"&gt;&lt;/a&gt;</msg>
<status status="PASS" starttime="20220930 20:27:34.770" endtime="20220930 20:27:36.075"/>
</kw>
<msg timestamp="20220930 20:27:36.077" level="FAIL">ValueError: Element locator 'com.praava.patientportal:id/login_password' did not match any elements.</msg>
<status status="FAIL" starttime="20220930 20:27:34.708" endtime="20220930 20:27:36.077"/>
</kw>
<kw name="Sleep" library="BuiltIn">
<arg>5</arg>
<doc>Pauses the test executed for the given time.</doc>
<status status="NOT RUN" starttime="20220930 20:27:36.080" endtime="20220930 20:27:36.081"/>
</kw>
<kw name="Click Element" library="AppiumLibrary">
<arg>${login_ID}</arg>
<doc>Click element identified by `locator`.</doc>
<status status="NOT RUN" starttime="20220930 20:27:36.081" endtime="20220930 20:27:36.081"/>
</kw>
<kw name="Sleep" library="BuiltIn">
<arg>5</arg>
<doc>Pauses the test executed for the given time.</doc>
<status status="NOT RUN" starttime="20220930 20:27:36.082" endtime="20220930 20:27:36.082"/>
</kw>
<status status="FAIL" starttime="20220930 20:27:29.524" endtime="20220930 20:27:36.083"/>
</kw>
<kw name="Action_For_Membership_Plan" library="resource">
<status status="NOT RUN" starttime="20220930 20:27:36.084" endtime="20220930 20:27:36.084"/>
</kw>
<kw name="Quit Application" library="AppiumLibrary" type="TEARDOWN">
<doc>Quit application. Application can be quit while Appium session is kept alive.
This keyword can be used to close application during test case or between test cases.</doc>
<status status="PASS" starttime="20220930 20:27:36.085" endtime="20220930 20:27:36.193"/>
</kw>
<status status="FAIL" starttime="20220930 20:27:08.920" endtime="20220930 20:27:36.194">ValueError: Element locator 'com.praava.patientportal:id/login_password' did not match any elements.</status>
</test>
<status status="FAIL" starttime="20220930 20:27:08.901" endtime="20220930 20:27:36.221"/>
</suite>
<suite id="s1-s10" name="Test Register" source="C:\Users\USER\Downloads\iOS-Robotframework-Appium-POM-master\ANDROID-Robotframework-Appium-POM-master\test\test_register.robot">
<test id="s1-s10-t1" name="OPEN_APP" line="9">
<kw name="Open_ANDROID_Test_App" library="BasePage" type="SETUP">
<kw name="Open Application" library="AppiumLibrary">
<arg>http://127.0.0.1:4723/wd/hub</arg>
<arg>automationName=${ANDROID_AUTOMATION_NAME}</arg>
<arg>app=${ANDROID_APP}</arg>
<arg>platformName=${ANDROID_PLATFORM_NAME}</arg>
<arg>platformVersion=${ANDROID_PLATFORM_VERSION}</arg>
<arg>deviceName=${ANDROID_DEVICE_NAME}</arg>
<arg>noReset=${NO_RESET}</arg>
<doc>Opens a new application to given Appium server.
Capabilities of appium server, Android and iOS,
Please check https://github.com/appium/appium/blob/master/docs/en/writing-running-appium/server-args.md
| *Option*            | *Man.* | *Description*     |
| remote_url          | Yes    | Appium server url |
| alias               | no     | alias             |</doc>
<status status="PASS" starttime="20220930 20:27:36.249" endtime="20220930 20:27:46.420"/>
</kw>
<kw name="Sleep" library="BuiltIn">
<arg>10</arg>
<doc>Pauses the test executed for the given time.</doc>
<msg timestamp="20220930 20:27:56.427" level="INFO">Slept 10 seconds</msg>
<status status="PASS" starttime="20220930 20:27:46.421" endtime="20220930 20:27:56.427"/>
</kw>
<status status="PASS" starttime="20220930 20:27:36.249" endtime="20220930 20:27:56.429"/>
</kw>
<kw name="Action_For_LOGIN" library="resource">
<kw name="Input Text" library="AppiumLibrary">
<arg>${loginuser_ID}</arg>
<arg>${number}</arg>
<doc>Types the given `text` into text field identified by `locator`.</doc>
<msg timestamp="20220930 20:27:56.444" level="INFO">Typing text '01408290385' into text field 'com.praava.patientportal:id/login_user'</msg>
<status status="PASS" starttime="20220930 20:27:56.431" endtime="20220930 20:27:56.592"/>
</kw>
<kw name="Sleep" library="BuiltIn">
<arg>5</arg>
<doc>Pauses the test executed for the given time.</doc>
<msg timestamp="20220930 20:28:01.604" level="INFO">Slept 5 seconds</msg>
<status status="PASS" starttime="20220930 20:27:56.593" endtime="20220930 20:28:01.605"/>
</kw>
<kw name="Input Text" library="AppiumLibrary">
<arg>${loginpass_ID}</arg>
<arg>${password}</arg>
<doc>Types the given `text` into text field identified by `locator`.</doc>
<msg timestamp="20220930 20:28:01.637" level="INFO">Typing text 'Tonoy123' into text field 'com.praava.patientportal:id/login_password'</msg>
<status status="PASS" starttime="20220930 20:28:01.609" endtime="20220930 20:28:01.753"/>
</kw>
<kw name="Sleep" library="BuiltIn">
<arg>5</arg>
<doc>Pauses the test executed for the given time.</doc>
<msg timestamp="20220930 20:28:06.763" level="INFO">Slept 5 seconds</msg>
<status status="PASS" starttime="20220930 20:28:01.754" endtime="20220930 20:28:06.763"/>
</kw>
<kw name="Click Element" library="AppiumLibrary">
<arg>${login_ID}</arg>
<doc>Click element identified by `locator`.</doc>
<msg timestamp="20220930 20:28:06.769" level="INFO">Clicking element 'com.praava.patientportal:id/login_btn'.</msg>
<status status="PASS" starttime="20220930 20:28:06.764" endtime="20220930 20:28:06.843"/>
</kw>
<kw name="Sleep" library="BuiltIn">
<arg>5</arg>
<doc>Pauses the test executed for the given time.</doc>
<msg timestamp="20220930 20:28:11.854" level="INFO">Slept 5 seconds</msg>
<status status="PASS" starttime="20220930 20:28:06.844" endtime="20220930 20:28:11.854"/>
</kw>
<status status="PASS" starttime="20220930 20:27:56.431" endtime="20220930 20:28:11.856"/>
</kw>
<kw name="Action_For_Register" library="resource">
<kw name="Click Element" library="AppiumLibrary">
<arg>${register_XPATH}</arg>
<doc>Click element identified by `locator`.</doc>
<msg timestamp="20220930 20:28:11.868" level="INFO">Clicking element 'XPATH= //android.widget.Button[@text="register"]'.</msg>
<kw name="Capture Page Screenshot" library="AppiumLibrary">
<doc>Takes a screenshot of the current page and embeds it into the log.</doc>
<msg timestamp="20220930 20:28:13.816" level="INFO" html="true">&lt;/td&gt;&lt;/tr&gt;&lt;tr&gt;&lt;td colspan="3"&gt;&lt;a href="appium-screenshot-5.png"&gt;&lt;img src="appium-screenshot-5.png" width="800px"&gt;&lt;/a&gt;</msg>
<status status="PASS" starttime="20220930 20:28:12.848" endtime="20220930 20:28:13.816"/>
</kw>
<msg timestamp="20220930 20:28:13.818" level="FAIL">ValueError: Element locator 'XPATH= //android.widget.Button[@text="register"]' did not match any elements.</msg>
<status status="FAIL" starttime="20220930 20:28:11.857" endtime="20220930 20:28:13.818"/>
</kw>
<kw name="Sleep" library="BuiltIn">
<arg>5</arg>
<doc>Pauses the test executed for the given time.</doc>
<status status="NOT RUN" starttime="20220930 20:28:13.820" endtime="20220930 20:28:13.820"/>
</kw>
<kw name="Input Text" library="AppiumLibrary">
<arg>${reg_fstname_ID}</arg>
<arg>${username}</arg>
<doc>Types the given `text` into text field identified by `locator`.</doc>
<status status="NOT RUN" starttime="20220930 20:28:13.821" endtime="20220930 20:28:13.821"/>
</kw>
<kw name="Sleep" library="BuiltIn">
<arg>5</arg>
<doc>Pauses the test executed for the given time.</doc>
<status status="NOT RUN" starttime="20220930 20:28:13.821" endtime="20220930 20:28:13.821"/>
</kw>
<kw name="Input Text" library="AppiumLibrary">
<arg>${reg_middlename_ID}</arg>
<arg>${middlename}</arg>
<doc>Types the given `text` into text field identified by `locator`.</doc>
<status status="NOT RUN" starttime="20220930 20:28:13.822" endtime="20220930 20:28:13.822"/>
</kw>
<kw name="Sleep" library="BuiltIn">
<arg>5</arg>
<doc>Pauses the test executed for the given time.</doc>
<status status="NOT RUN" starttime="20220930 20:28:13.822" endtime="20220930 20:28:13.822"/>
</kw>
<kw name="Swipe" library="AppiumLibrary">
<arg>716</arg>
<arg>1374</arg>
<arg>716</arg>
<arg>372</arg>
<doc>Swipe from one point to another point, for an optional duration.</doc>
<status status="NOT RUN" starttime="20220930 20:28:13.822" endtime="20220930 20:28:13.823"/>
</kw>
<kw name="Input Text" library="AppiumLibrary">
<arg>${reg_lastname_ID}</arg>
<arg>${lastname}</arg>
<doc>Types the given `text` into text field identified by `locator`.</doc>
<status status="NOT RUN" starttime="20220930 20:28:13.823" endtime="20220930 20:28:13.823"/>
</kw>
<kw name="Sleep" library="BuiltIn">
<arg>5</arg>
<doc>Pauses the test executed for the given time.</doc>
<status status="NOT RUN" starttime="20220930 20:28:13.823" endtime="20220930 20:28:13.823"/>
</kw>
<kw name="Click Element" library="AppiumLibrary">
<arg>${dateofbirth_ID}</arg>
<doc>Click element identified by `locator`.</doc>
<status status="NOT RUN" starttime="20220930 20:28:13.824" endtime="20220930 20:28:13.824"/>
</kw>
<kw name="Sleep" library="BuiltIn">
<arg>5</arg>
<doc>Pauses the test executed for the given time.</doc>
<status status="NOT RUN" starttime="20220930 20:28:13.824" endtime="20220930 20:28:13.824"/>
</kw>
<kw name="Click Element" library="AppiumLibrary">
<arg>${date_ok_ID}</arg>
<doc>Click element identified by `locator`.</doc>
<status status="NOT RUN" starttime="20220930 20:28:13.824" endtime="20220930 20:28:13.824"/>
</kw>
<kw name="Sleep" library="BuiltIn">
<arg>5</arg>
<doc>Pauses the test executed for the given time.</doc>
<status status="NOT RUN" starttime="20220930 20:28:13.825" endtime="20220930 20:28:13.825"/>
</kw>
<kw name="Input Text" library="AppiumLibrary">
<arg>${email_ID}</arg>
<arg>${email1}</arg>
<doc>Types the given `text` into text field identified by `locator`.</doc>
<status status="NOT RUN" starttime="20220930 20:28:13.825" endtime="20220930 20:28:13.825"/>
</kw>
<kw name="Sleep" library="BuiltIn">
<arg>5</arg>
<doc>Pauses the test executed for the given time.</doc>
<status status="NOT RUN" starttime="20220930 20:28:13.826" endtime="20220930 20:28:13.826"/>
</kw>
<kw name="Click Element" library="AppiumLibrary">
<arg>${selectgender_ID}</arg>
<doc>Click element identified by `locator`.</doc>
<status status="NOT RUN" starttime="20220930 20:28:13.826" endtime="20220930 20:28:13.826"/>
</kw>
<kw name="Sleep" library="BuiltIn">
<arg>5</arg>
<doc>Pauses the test executed for the given time.</doc>
<status status="NOT RUN" starttime="20220930 20:28:13.826" endtime="20220930 20:28:13.826"/>
</kw>
<kw name="Click Element" library="AppiumLibrary">
<arg>${gendercancel_ID}</arg>
<doc>Click element identified by `locator`.</doc>
<status status="NOT RUN" starttime="20220930 20:28:13.827" endtime="20220930 20:28:13.827"/>
</kw>
<kw name="Sleep" library="BuiltIn">
<arg>5</arg>
<doc>Pauses the test executed for the given time.</doc>
<status status="NOT RUN" starttime="20220930 20:28:13.827" endtime="20220930 20:28:13.827"/>
</kw>
<kw name="Swipe" library="AppiumLibrary">
<arg>619</arg>
<arg>1366</arg>
<arg>639</arg>
<arg>472</arg>
<doc>Swipe from one point to another point, for an optional duration.</doc>
<status status="NOT RUN" starttime="20220930 20:28:13.827" endtime="20220930 20:28:13.828"/>
</kw>
<kw name="Input Text" library="AppiumLibrary">
<arg>${nationality_ID}</arg>
<arg>${nationality}</arg>
<doc>Types the given `text` into text field identified by `locator`.</doc>
<status status="NOT RUN" starttime="20220930 20:28:13.828" endtime="20220930 20:28:13.828"/>
</kw>
<kw name="Sleep" library="BuiltIn">
<arg>5</arg>
<doc>Pauses the test executed for the given time.</doc>
<status status="NOT RUN" starttime="20220930 20:28:13.828" endtime="20220930 20:28:13.828"/>
</kw>
<kw name="Click Element" library="AppiumLibrary">
<arg>${selectstatus_ID}</arg>
<doc>Click element identified by `locator`.</doc>
<status status="NOT RUN" starttime="20220930 20:28:13.829" endtime="20220930 20:28:13.829"/>
</kw>
<kw name="Sleep" library="BuiltIn">
<arg>5</arg>
<doc>Pauses the test executed for the given time.</doc>
<status status="NOT RUN" starttime="20220930 20:28:13.829" endtime="20220930 20:28:13.829"/>
</kw>
<kw name="Click Element" library="AppiumLibrary">
<arg>${statuscancel_ID}</arg>
<doc>Click element identified by `locator`.</doc>
<status status="NOT RUN" starttime="20220930 20:28:13.829" endtime="20220930 20:28:13.829"/>
</kw>
<kw name="Sleep" library="BuiltIn">
<arg>5</arg>
<doc>Pauses the test executed for the given time.</doc>
<status status="NOT RUN" starttime="20220930 20:28:13.830" endtime="20220930 20:28:13.830"/>
</kw>
<kw name="Click Element" library="AppiumLibrary">
<arg>${selectoccupation_ID}</arg>
<doc>Click element identified by `locator`.</doc>
<status status="NOT RUN" starttime="20220930 20:28:13.830" endtime="20220930 20:28:13.830"/>
</kw>
<kw name="Sleep" library="BuiltIn">
<arg>5</arg>
<doc>Pauses the test executed for the given time.</doc>
<status status="NOT RUN" starttime="20220930 20:28:13.831" endtime="20220930 20:28:13.831"/>
</kw>
<kw name="Click Element" library="AppiumLibrary">
<arg>${occupationcancel_ID}</arg>
<doc>Click element identified by `locator`.</doc>
<status status="NOT RUN" starttime="20220930 20:28:13.831" endtime="20220930 20:28:13.831"/>
</kw>
<kw name="Sleep" library="BuiltIn">
<arg>5</arg>
<doc>Pauses the test executed for the given time.</doc>
<status status="NOT RUN" starttime="20220930 20:28:13.831" endtime="20220930 20:28:13.831"/>
</kw>
<kw name="Input Text" library="AppiumLibrary">
<arg>${phnnmbr_ID}</arg>
<arg>${number}</arg>
<doc>Types the given `text` into text field identified by `locator`.</doc>
<status status="NOT RUN" starttime="20220930 20:28:13.832" endtime="20220930 20:28:13.832"/>
</kw>
<kw name="Sleep" library="BuiltIn">
<arg>5</arg>
<doc>Pauses the test executed for the given time.</doc>
<status status="NOT RUN" starttime="20220930 20:28:13.832" endtime="20220930 20:28:13.832"/>
</kw>
<kw name="Swipe" library="AppiumLibrary">
<arg>662</arg>
<arg>1378</arg>
<arg>662</arg>
<arg>507</arg>
<doc>Swipe from one point to another point, for an optional duration.</doc>
<status status="NOT RUN" starttime="20220930 20:28:13.832" endtime="20220930 20:28:13.833"/>
</kw>
<kw name="Input Text" library="AppiumLibrary">
<arg>${address_ID}</arg>
<arg>${address}</arg>
<doc>Types the given `text` into text field identified by `locator`.</doc>
<status status="NOT RUN" starttime="20220930 20:28:13.833" endtime="20220930 20:28:13.833"/>
</kw>
<kw name="Sleep" library="BuiltIn">
<arg>5</arg>
<doc>Pauses the test executed for the given time.</doc>
<status status="NOT RUN" starttime="20220930 20:28:13.834" endtime="20220930 20:28:13.834"/>
</kw>
<kw name="Input Text" library="AppiumLibrary">
<arg>${city_ID}</arg>
<arg>${city}</arg>
<doc>Types the given `text` into text field identified by `locator`.</doc>
<status status="NOT RUN" starttime="20220930 20:28:13.834" endtime="20220930 20:28:13.834"/>
</kw>
<kw name="Sleep" library="BuiltIn">
<arg>5</arg>
<doc>Pauses the test executed for the given time.</doc>
<status status="NOT RUN" starttime="20220930 20:28:13.834" endtime="20220930 20:28:13.834"/>
</kw>
<kw name="Input Text" library="AppiumLibrary">
<arg>${state_ID}</arg>
<arg>${state}</arg>
<doc>Types the given `text` into text field identified by `locator`.</doc>
<status status="NOT RUN" starttime="20220930 20:28:13.835" endtime="20220930 20:28:13.835"/>
</kw>
<kw name="Sleep" library="BuiltIn">
<arg>5</arg>
<doc>Pauses the test executed for the given time.</doc>
<status status="NOT RUN" starttime="20220930 20:28:13.835" endtime="20220930 20:28:13.835"/>
</kw>
<kw name="Input Text" library="AppiumLibrary">
<arg>${city_ID}</arg>
<arg>${city}</arg>
<doc>Types the given `text` into text field identified by `locator`.</doc>
<status status="NOT RUN" starttime="20220930 20:28:13.836" endtime="20220930 20:28:13.836"/>
</kw>
<kw name="Sleep" library="BuiltIn">
<arg>5</arg>
<doc>Pauses the test executed for the given time.</doc>
<status status="NOT RUN" starttime="20220930 20:28:13.836" endtime="20220930 20:28:13.836"/>
</kw>
<kw name="Input Text" library="AppiumLibrary">
<arg>${state_ID}</arg>
<arg>${state}</arg>
<doc>Types the given `text` into text field identified by `locator`.</doc>
<status status="NOT RUN" starttime="20220930 20:28:13.836" endtime="20220930 20:28:13.836"/>
</kw>
<kw name="Sleep" library="BuiltIn">
<arg>5</arg>
<doc>Pauses the test executed for the given time.</doc>
<status status="NOT RUN" starttime="20220930 20:28:13.837" endtime="20220930 20:28:13.837"/>
</kw>
<kw name="Input Text" library="AppiumLibrary">
<arg>${country_ID}</arg>
<arg>${country}</arg>
<doc>Types the given `text` into text field identified by `locator`.</doc>
<status status="NOT RUN" starttime="20220930 20:28:13.837" endtime="20220930 20:28:13.837"/>
</kw>
<kw name="Sleep" library="BuiltIn">
<arg>5</arg>
<doc>Pauses the test executed for the given time.</doc>
<status status="NOT RUN" starttime="20220930 20:28:13.838" endtime="20220930 20:28:13.838"/>
</kw>
<kw name="Swipe" library="AppiumLibrary">
<arg>666</arg>
<arg>1370</arg>
<arg>662</arg>
<arg>422</arg>
<doc>Swipe from one point to another point, for an optional duration.</doc>
<status status="NOT RUN" starttime="20220930 20:28:13.838" endtime="20220930 20:28:13.838"/>
</kw>
<kw name="Input Text" library="AppiumLibrary">
<arg>${postalcode_ID}</arg>
<arg>${postcode}</arg>
<doc>Types the given `text` into text field identified by `locator`.</doc>
<status status="NOT RUN" starttime="20220930 20:28:13.838" endtime="20220930 20:28:13.838"/>
</kw>
<kw name="Sleep" library="BuiltIn">
<arg>5</arg>
<doc>Pauses the test executed for the given time.</doc>
<status status="NOT RUN" starttime="20220930 20:28:13.839" endtime="20220930 20:28:13.839"/>
</kw>
<kw name="Input Text" library="AppiumLibrary">
<arg>${emergncycontact_ID}</arg>
<arg>${number}</arg>
<doc>Types the given `text` into text field identified by `locator`.</doc>
<status status="NOT RUN" starttime="20220930 20:28:13.839" endtime="20220930 20:28:13.839"/>
</kw>
<kw name="Sleep" library="BuiltIn">
<arg>5</arg>
<doc>Pauses the test executed for the given time.</doc>
<status status="NOT RUN" starttime="20220930 20:28:13.839" endtime="20220930 20:28:13.840"/>
</kw>
<kw name="Click Element" library="AppiumLibrary">
<arg>${selectrelation_ID}</arg>
<doc>Click element identified by `locator`.</doc>
<status status="NOT RUN" starttime="20220930 20:28:13.840" endtime="20220930 20:28:13.840"/>
</kw>
<kw name="Sleep" library="BuiltIn">
<arg>5</arg>
<doc>Pauses the test executed for the given time.</doc>
<status status="NOT RUN" starttime="20220930 20:28:13.840" endtime="20220930 20:28:13.840"/>
</kw>
<kw name="Click Element" library="AppiumLibrary">
<arg>${relationcancel_ID}</arg>
<doc>Click element identified by `locator`.</doc>
<status status="NOT RUN" starttime="20220930 20:28:13.841" endtime="20220930 20:28:13.841"/>
</kw>
<kw name="Sleep" library="BuiltIn">
<arg>5</arg>
<doc>Pauses the test executed for the given time.</doc>
<status status="NOT RUN" starttime="20220930 20:28:13.841" endtime="20220930 20:28:13.841"/>
</kw>
<kw name="Input Text" library="AppiumLibrary">
<arg>${emergncycontact1_ID}</arg>
<arg>${number}</arg>
<doc>Types the given `text` into text field identified by `locator`.</doc>
<status status="NOT RUN" starttime="20220930 20:28:13.841" endtime="20220930 20:28:13.842"/>
</kw>
<kw name="Sleep" library="BuiltIn">
<arg>5</arg>
<doc>Pauses the test executed for the given time.</doc>
<status status="NOT RUN" starttime="20220930 20:28:13.842" endtime="20220930 20:28:13.842"/>
</kw>
<kw name="Swipe" library="AppiumLibrary">
<arg>573</arg>
<arg>1370</arg>
<arg>604</arg>
<arg>604</arg>
<doc>Swipe from one point to another point, for an optional duration.</doc>
<status status="NOT RUN" starttime="20220930 20:28:13.842" endtime="20220930 20:28:13.842"/>
</kw>
<kw name="Click Element" library="AppiumLibrary">
<arg>${aboutus_ID}</arg>
<doc>Click element identified by `locator`.</doc>
<status status="NOT RUN" starttime="20220930 20:28:13.843" endtime="20220930 20:28:13.843"/>
</kw>
<kw name="Sleep" library="BuiltIn">
<arg>5</arg>
<doc>Pauses the test executed for the given time.</doc>
<status status="NOT RUN" starttime="20220930 20:28:13.843" endtime="20220930 20:28:13.843"/>
</kw>
<kw name="Click Element" library="AppiumLibrary">
<arg>${aboutuscancel_ID}</arg>
<doc>Click element identified by `locator`.</doc>
<status status="NOT RUN" starttime="20220930 20:28:13.843" endtime="20220930 20:28:13.844"/>
</kw>
<kw name="Sleep" library="BuiltIn">
<arg>5</arg>
<doc>Pauses the test executed for the given time.</doc>
<status status="NOT RUN" starttime="20220930 20:28:13.844" endtime="20220930 20:28:13.844"/>
</kw>
<kw name="Click Element" library="AppiumLibrary">
<arg>${radioclick1_ID}</arg>
<doc>Click element identified by `locator`.</doc>
<status status="NOT RUN" starttime="20220930 20:28:13.844" endtime="20220930 20:28:13.844"/>
</kw>
<kw name="Sleep" library="BuiltIn">
<arg>5</arg>
<doc>Pauses the test executed for the given time.</doc>
<status status="NOT RUN" starttime="20220930 20:28:13.845" endtime="20220930 20:28:13.845"/>
</kw>
<kw name="Click Element" library="AppiumLibrary">
<arg>${radioclick2_ID}</arg>
<doc>Click element identified by `locator`.</doc>
<status status="NOT RUN" starttime="20220930 20:28:13.845" endtime="20220930 20:28:13.845"/>
</kw>
<kw name="Sleep" library="BuiltIn">
<arg>5</arg>
<doc>Pauses the test executed for the given time.</doc>
<status status="NOT RUN" starttime="20220930 20:28:13.845" endtime="20220930 20:28:13.845"/>
</kw>
<kw name="Go Back" library="AppiumLibrary">
<doc>Goes one step backward in the browser history.</doc>
<status status="NOT RUN" starttime="20220930 20:28:13.846" endtime="20220930 20:28:13.846"/>
</kw>
<status status="FAIL" starttime="20220930 20:28:11.856" endtime="20220930 20:28:13.846"/>
</kw>
<kw name="Quit Application" library="AppiumLibrary" type="TEARDOWN">
<doc>Quit application. Application can be quit while Appium session is kept alive.
This keyword can be used to close application during test case or between test cases.</doc>
<status status="PASS" starttime="20220930 20:28:13.847" endtime="20220930 20:28:13.949"/>
</kw>
<status status="FAIL" starttime="20220930 20:27:36.248" endtime="20220930 20:28:13.950">ValueError: Element locator 'XPATH= //android.widget.Button[@text="register"]' did not match any elements.</status>
</test>
<status status="FAIL" starttime="20220930 20:27:36.225" endtime="20220930 20:28:13.967"/>
</suite>
<suite id="s1-s11" name="test Serve" source="C:\Users\USER\Downloads\iOS-Robotframework-Appium-POM-master\ANDROID-Robotframework-Appium-POM-master\test\test_Serve.robot">
<test id="s1-s11-t1" name="OPEN_APP" line="9">
<kw name="Open_ANDROID_Test_App" library="BasePage" type="SETUP">
<kw name="Open Application" library="AppiumLibrary">
<arg>http://127.0.0.1:4723/wd/hub</arg>
<arg>automationName=${ANDROID_AUTOMATION_NAME}</arg>
<arg>app=${ANDROID_APP}</arg>
<arg>platformName=${ANDROID_PLATFORM_NAME}</arg>
<arg>platformVersion=${ANDROID_PLATFORM_VERSION}</arg>
<arg>deviceName=${ANDROID_DEVICE_NAME}</arg>
<arg>noReset=${NO_RESET}</arg>
<doc>Opens a new application to given Appium server.
Capabilities of appium server, Android and iOS,
Please check https://github.com/appium/appium/blob/master/docs/en/writing-running-appium/server-args.md
| *Option*            | *Man.* | *Description*     |
| remote_url          | Yes    | Appium server url |
| alias               | no     | alias             |</doc>
<status status="PASS" starttime="20220930 20:28:13.988" endtime="20220930 20:28:24.299"/>
</kw>
<kw name="Sleep" library="BuiltIn">
<arg>10</arg>
<doc>Pauses the test executed for the given time.</doc>
<msg timestamp="20220930 20:28:34.301" level="INFO">Slept 10 seconds</msg>
<status status="PASS" starttime="20220930 20:28:24.300" endtime="20220930 20:28:34.301"/>
</kw>
<status status="PASS" starttime="20220930 20:28:13.988" endtime="20220930 20:28:34.306"/>
</kw>
<kw name="Action_For_LOGIN" library="resource">
<kw name="Input Text" library="AppiumLibrary">
<arg>${loginuser_ID}</arg>
<arg>${number}</arg>
<doc>Types the given `text` into text field identified by `locator`.</doc>
<msg timestamp="20220930 20:28:34.333" level="INFO">Typing text '01408290385' into text field 'com.praava.patientportal:id/login_user'</msg>
<status status="PASS" starttime="20220930 20:28:34.310" endtime="20220930 20:28:34.466"/>
</kw>
<kw name="Sleep" library="BuiltIn">
<arg>5</arg>
<doc>Pauses the test executed for the given time.</doc>
<msg timestamp="20220930 20:28:39.480" level="INFO">Slept 5 seconds</msg>
<status status="PASS" starttime="20220930 20:28:34.467" endtime="20220930 20:28:39.480"/>
</kw>
<kw name="Input Text" library="AppiumLibrary">
<arg>${loginpass_ID}</arg>
<arg>${password}</arg>
<doc>Types the given `text` into text field identified by `locator`.</doc>
<msg timestamp="20220930 20:28:39.492" level="INFO">Typing text 'Tonoy123' into text field 'com.praava.patientportal:id/login_password'</msg>
<kw name="Capture Page Screenshot" library="AppiumLibrary">
<doc>Takes a screenshot of the current page and embeds it into the log.</doc>
<msg timestamp="20220930 20:28:40.563" level="INFO" html="true">&lt;/td&gt;&lt;/tr&gt;&lt;tr&gt;&lt;td colspan="3"&gt;&lt;a href="appium-screenshot-6.png"&gt;&lt;img src="appium-screenshot-6.png" width="800px"&gt;&lt;/a&gt;</msg>
<status status="PASS" starttime="20220930 20:28:39.530" endtime="20220930 20:28:40.563"/>
</kw>
<msg timestamp="20220930 20:28:40.565" level="FAIL">ValueError: Element locator 'com.praava.patientportal:id/login_password' did not match any elements.</msg>
<status status="FAIL" starttime="20220930 20:28:39.482" endtime="20220930 20:28:40.566"/>
</kw>
<kw name="Sleep" library="BuiltIn">
<arg>5</arg>
<doc>Pauses the test executed for the given time.</doc>
<status status="NOT RUN" starttime="20220930 20:28:40.567" endtime="20220930 20:28:40.568"/>
</kw>
<kw name="Click Element" library="AppiumLibrary">
<arg>${login_ID}</arg>
<doc>Click element identified by `locator`.</doc>
<status status="NOT RUN" starttime="20220930 20:28:40.568" endtime="20220930 20:28:40.568"/>
</kw>
<kw name="Sleep" library="BuiltIn">
<arg>5</arg>
<doc>Pauses the test executed for the given time.</doc>
<status status="NOT RUN" starttime="20220930 20:28:40.569" endtime="20220930 20:28:40.569"/>
</kw>
<status status="FAIL" starttime="20220930 20:28:34.308" endtime="20220930 20:28:40.570"/>
</kw>
<kw name="Action_For_serve" library="resource">
<status status="NOT RUN" starttime="20220930 20:28:40.571" endtime="20220930 20:28:40.571"/>
</kw>
<kw name="Quit Application" library="AppiumLibrary" type="TEARDOWN">
<doc>Quit application. Application can be quit while Appium session is kept alive.
This keyword can be used to close application during test case or between test cases.</doc>
<status status="PASS" starttime="20220930 20:28:40.572" endtime="20220930 20:28:40.670"/>
</kw>
<status status="FAIL" starttime="20220930 20:28:13.987" endtime="20220930 20:28:40.671">ValueError: Element locator 'com.praava.patientportal:id/login_password' did not match any elements.</status>
</test>
<status status="FAIL" starttime="20220930 20:28:13.974" endtime="20220930 20:28:40.686"/>
</suite>
<suite id="s1-s12" name="test signUp" source="C:\Users\USER\Downloads\iOS-Robotframework-Appium-POM-master\ANDROID-Robotframework-Appium-POM-master\test\test_signUp.robot">
<test id="s1-s12-t1" name="OPEN_APP" line="9">
<kw name="Open_ANDROID_Test_App" library="BasePage" type="SETUP">
<kw name="Open Application" library="AppiumLibrary">
<arg>http://127.0.0.1:4723/wd/hub</arg>
<arg>automationName=${ANDROID_AUTOMATION_NAME}</arg>
<arg>app=${ANDROID_APP}</arg>
<arg>platformName=${ANDROID_PLATFORM_NAME}</arg>
<arg>platformVersion=${ANDROID_PLATFORM_VERSION}</arg>
<arg>deviceName=${ANDROID_DEVICE_NAME}</arg>
<arg>noReset=${NO_RESET}</arg>
<doc>Opens a new application to given Appium server.
Capabilities of appium server, Android and iOS,
Please check https://github.com/appium/appium/blob/master/docs/en/writing-running-appium/server-args.md
| *Option*            | *Man.* | *Description*     |
| remote_url          | Yes    | Appium server url |
| alias               | no     | alias             |</doc>
<status status="PASS" starttime="20220930 20:28:40.709" endtime="20220930 20:28:51.315"/>
</kw>
<kw name="Sleep" library="BuiltIn">
<arg>10</arg>
<doc>Pauses the test executed for the given time.</doc>
<msg timestamp="20220930 20:29:01.324" level="INFO">Slept 10 seconds</msg>
<status status="PASS" starttime="20220930 20:28:51.316" endtime="20220930 20:29:01.325"/>
</kw>
<status status="PASS" starttime="20220930 20:28:40.708" endtime="20220930 20:29:01.329"/>
</kw>
<kw name="Action_For_SignUp_Action" library="resource">
<kw name="Sleep" library="BuiltIn">
<arg>5</arg>
<doc>Pauses the test executed for the given time.</doc>
<msg timestamp="20220930 20:29:06.343" level="INFO">Slept 5 seconds</msg>
<status status="PASS" starttime="20220930 20:29:01.334" endtime="20220930 20:29:06.344"/>
</kw>
<kw name="Click Element" library="AppiumLibrary">
<arg>${signup_ID}</arg>
<doc>Click element identified by `locator`.</doc>
<msg timestamp="20220930 20:29:06.374" level="INFO">Clicking element 'com.praava.patientportal:id/signup_link'.</msg>
<status status="PASS" starttime="20220930 20:29:06.349" endtime="20220930 20:29:06.479"/>
</kw>
<kw name="Sleep" library="BuiltIn">
<arg>5</arg>
<doc>Pauses the test executed for the given time.</doc>
<msg timestamp="20220930 20:29:11.489" level="INFO">Slept 5 seconds</msg>
<status status="PASS" starttime="20220930 20:29:06.481" endtime="20220930 20:29:11.489"/>
</kw>
<kw name="Input Text" library="AppiumLibrary">
<arg>${mobile_ID}</arg>
<arg>${number}</arg>
<doc>Types the given `text` into text field identified by `locator`.</doc>
<msg timestamp="20220930 20:29:11.497" level="INFO">Typing text '01408290385' into text field 'com.praava.patientportal:id/mobile'</msg>
<status status="PASS" starttime="20220930 20:29:11.491" endtime="20220930 20:29:11.593"/>
</kw>
<kw name="Sleep" library="BuiltIn">
<arg>5</arg>
<doc>Pauses the test executed for the given time.</doc>
<msg timestamp="20220930 20:29:16.598" level="INFO">Slept 5 seconds</msg>
<status status="PASS" starttime="20220930 20:29:11.595" endtime="20220930 20:29:16.598"/>
</kw>
<kw name="Input Text" library="AppiumLibrary">
<arg>${username_ID}</arg>
<arg>${username}</arg>
<doc>Types the given `text` into text field identified by `locator`.</doc>
<msg timestamp="20220930 20:29:16.605" level="INFO">Typing text 'Tonoy' into text field 'com.praava.patientportal:id/username'</msg>
<kw name="Capture Page Screenshot" library="AppiumLibrary">
<doc>Takes a screenshot of the current page and embeds it into the log.</doc>
<msg timestamp="20220930 20:29:17.827" level="INFO" html="true">&lt;/td&gt;&lt;/tr&gt;&lt;tr&gt;&lt;td colspan="3"&gt;&lt;a href="appium-screenshot-7.png"&gt;&lt;img src="appium-screenshot-7.png" width="800px"&gt;&lt;/a&gt;</msg>
<status status="PASS" starttime="20220930 20:29:16.642" endtime="20220930 20:29:17.827"/>
</kw>
<msg timestamp="20220930 20:29:17.829" level="FAIL">ValueError: Element locator 'com.praava.patientportal:id/username' did not match any elements.</msg>
<status status="FAIL" starttime="20220930 20:29:16.599" endtime="20220930 20:29:17.829"/>
</kw>
<kw name="Sleep" library="BuiltIn">
<arg>5</arg>
<doc>Pauses the test executed for the given time.</doc>
<status status="NOT RUN" starttime="20220930 20:29:17.831" endtime="20220930 20:29:17.831"/>
</kw>
<kw name="Input Text" library="AppiumLibrary">
<arg>${password_ID}</arg>
<arg>${password}</arg>
<doc>Types the given `text` into text field identified by `locator`.</doc>
<status status="NOT RUN" starttime="20220930 20:29:17.832" endtime="20220930 20:29:17.832"/>
</kw>
<kw name="Sleep" library="BuiltIn">
<arg>5</arg>
<doc>Pauses the test executed for the given time.</doc>
<status status="NOT RUN" starttime="20220930 20:29:17.832" endtime="20220930 20:29:17.832"/>
</kw>
<kw name="Input Text" library="AppiumLibrary">
<arg>${repassword_ID}</arg>
<arg>${repassword}</arg>
<doc>Types the given `text` into text field identified by `locator`.</doc>
<status status="NOT RUN" starttime="20220930 20:29:17.833" endtime="20220930 20:29:17.833"/>
</kw>
<kw name="Sleep" library="BuiltIn">
<arg>5</arg>
<doc>Pauses the test executed for the given time.</doc>
<status status="NOT RUN" starttime="20220930 20:29:17.833" endtime="20220930 20:29:17.833"/>
</kw>
<kw name="Input Text" library="AppiumLibrary">
<arg>${email1_ID}</arg>
<arg>${email1}</arg>
<doc>Types the given `text` into text field identified by `locator`.</doc>
<status status="NOT RUN" starttime="20220930 20:29:17.834" endtime="20220930 20:29:17.834"/>
</kw>
<kw name="Sleep" library="BuiltIn">
<arg>5</arg>
<doc>Pauses the test executed for the given time.</doc>
<status status="NOT RUN" starttime="20220930 20:29:17.834" endtime="20220930 20:29:17.834"/>
</kw>
<kw name="Click Element" library="AppiumLibrary">
<arg>${login0_ID}</arg>
<doc>Click element identified by `locator`.</doc>
<status status="NOT RUN" starttime="20220930 20:29:17.835" endtime="20220930 20:29:17.835"/>
</kw>
<kw name="Sleep" library="BuiltIn">
<arg>5</arg>
<doc>Pauses the test executed for the given time.</doc>
<status status="NOT RUN" starttime="20220930 20:29:17.835" endtime="20220930 20:29:17.835"/>
</kw>
<status status="FAIL" starttime="20220930 20:29:01.331" endtime="20220930 20:29:17.836"/>
</kw>
<kw name="Quit Application" library="AppiumLibrary" type="TEARDOWN">
<doc>Quit application. Application can be quit while Appium session is kept alive.
This keyword can be used to close application during test case or between test cases.</doc>
<status status="PASS" starttime="20220930 20:29:17.837" endtime="20220930 20:29:17.932"/>
</kw>
<status status="FAIL" starttime="20220930 20:28:40.707" endtime="20220930 20:29:17.933">ValueError: Element locator 'com.praava.patientportal:id/username' did not match any elements.</status>
</test>
<status status="FAIL" starttime="20220930 20:28:40.690" endtime="20220930 20:29:17.948"/>
</suite>
<status status="FAIL" starttime="20220930 20:20:13.920" endtime="20220930 20:29:17.953"/>
</suite>
<statistics>
<total>
<stat pass="5" fail="7" skip="0">All Tests</stat>
</total>
<tag>
</tag>
<suite>
<stat pass="5" fail="7" skip="0" id="s1" name="Test">Test</stat>
<stat pass="1" fail="0" skip="0" id="s1-s1" name="Test Book Appoinment">Test.Test Book Appoinment</stat>
<stat pass="1" fail="0" skip="0" id="s1-s2" name="test Contact Us">Test.test Contact Us</stat>
<stat pass="1" fail="0" skip="0" id="s1-s3" name="Test Forget Password Username">Test.Test Forget Password Username</stat>
<stat pass="0" fail="1" skip="0" id="s1-s4" name="test healthCheck">Test.test healthCheck</stat>
<stat pass="1" fail="0" skip="0" id="s1-s5" name="Test Link">Test.Test Link</stat>
<stat pass="1" fail="0" skip="0" id="s1-s6" name="test Login">Test.test Login</stat>
<stat pass="0" fail="1" skip="0" id="s1-s7" name="test LogOut">Test.test LogOut</stat>
<stat pass="0" fail="1" skip="0" id="s1-s8" name="Test Maping">Test.Test Maping</stat>
<stat pass="0" fail="1" skip="0" id="s1-s9" name="test membershipPlan">Test.test membershipPlan</stat>
<stat pass="0" fail="1" skip="0" id="s1-s10" name="Test Register">Test.Test Register</stat>
<stat pass="0" fail="1" skip="0" id="s1-s11" name="test Serve">Test.test Serve</stat>
<stat pass="0" fail="1" skip="0" id="s1-s12" name="test signUp">Test.test signUp</stat>
</suite>
</statistics>
<errors>
<msg timestamp="20220930 20:20:14.205" level="ERROR">Error in file 'C:\Users\USER\Downloads\iOS-Robotframework-Appium-POM-master\ANDROID-Robotframework-Appium-POM-master\Resources\BasePage.robot' on line 7: Setting variable '""" Desired Capabilities For Simulator Device """' failed: Invalid variable name '""" Desired Capabilities For Simulator Device """'.</msg>
<msg timestamp="20220930 20:21:28.616" level="ERROR">Error in file 'C:\Users\USER\Downloads\iOS-Robotframework-Appium-POM-master\ANDROID-Robotframework-Appium-POM-master\Resources\BasePage.robot' on line 7: Setting variable '""" Desired Capabilities For Simulator Device """' failed: Invalid variable name '""" Desired Capabilities For Simulator Device """'.</msg>
<msg timestamp="20220930 20:22:21.192" level="ERROR">Error in file 'C:\Users\USER\Downloads\iOS-Robotframework-Appium-POM-master\ANDROID-Robotframework-Appium-POM-master\Resources\BasePage.robot' on line 7: Setting variable '""" Desired Capabilities For Simulator Device """' failed: Invalid variable name '""" Desired Capabilities For Simulator Device """'.</msg>
<msg timestamp="20220930 20:23:15.600" level="ERROR">Error in file 'C:\Users\USER\Downloads\iOS-Robotframework-Appium-POM-master\ANDROID-Robotframework-Appium-POM-master\Resources\BasePage.robot' on line 7: Setting variable '""" Desired Capabilities For Simulator Device """' failed: Invalid variable name '""" Desired Capabilities For Simulator Device """'.</msg>
<msg timestamp="20220930 20:24:26.441" level="ERROR">Error in file 'C:\Users\USER\Downloads\iOS-Robotframework-Appium-POM-master\ANDROID-Robotframework-Appium-POM-master\Resources\BasePage.robot' on line 7: Setting variable '""" Desired Capabilities For Simulator Device """' failed: Invalid variable name '""" Desired Capabilities For Simulator Device """'.</msg>
<msg timestamp="20220930 20:25:27.858" level="ERROR">Error in file 'C:\Users\USER\Downloads\iOS-Robotframework-Appium-POM-master\ANDROID-Robotframework-Appium-POM-master\Resources\BasePage.robot' on line 7: Setting variable '""" Desired Capabilities For Simulator Device """' failed: Invalid variable name '""" Desired Capabilities For Simulator Device """'.</msg>
<msg timestamp="20220930 20:26:04.176" level="ERROR">Error in file 'C:\Users\USER\Downloads\iOS-Robotframework-Appium-POM-master\ANDROID-Robotframework-Appium-POM-master\Resources\BasePage.robot' on line 7: Setting variable '""" Desired Capabilities For Simulator Device """' failed: Invalid variable name '""" Desired Capabilities For Simulator Device """'.</msg>
<msg timestamp="20220930 20:26:32.070" level="ERROR">Error in file 'C:\Users\USER\Downloads\iOS-Robotframework-Appium-POM-master\ANDROID-Robotframework-Appium-POM-master\Resources\BasePage.robot' on line 7: Setting variable '""" Desired Capabilities For Simulator Device """' failed: Invalid variable name '""" Desired Capabilities For Simulator Device """'.</msg>
<msg timestamp="20220930 20:27:08.913" level="ERROR">Error in file 'C:\Users\USER\Downloads\iOS-Robotframework-Appium-POM-master\ANDROID-Robotframework-Appium-POM-master\Resources\BasePage.robot' on line 7: Setting variable '""" Desired Capabilities For Simulator Device """' failed: Invalid variable name '""" Desired Capabilities For Simulator Device """'.</msg>
<msg timestamp="20220930 20:27:36.241" level="ERROR">Error in file 'C:\Users\USER\Downloads\iOS-Robotframework-Appium-POM-master\ANDROID-Robotframework-Appium-POM-master\Resources\BasePage.robot' on line 7: Setting variable '""" Desired Capabilities For Simulator Device """' failed: Invalid variable name '""" Desired Capabilities For Simulator Device """'.</msg>
<msg timestamp="20220930 20:28:13.983" level="ERROR">Error in file 'C:\Users\USER\Downloads\iOS-Robotframework-Appium-POM-master\ANDROID-Robotframework-Appium-POM-master\Resources\BasePage.robot' on line 7: Setting variable '""" Desired Capabilities For Simulator Device """' failed: Invalid variable name '""" Desired Capabilities For Simulator Device """'.</msg>
<msg timestamp="20220930 20:28:40.702" level="ERROR">Error in file 'C:\Users\USER\Downloads\iOS-Robotframework-Appium-POM-master\ANDROID-Robotframework-Appium-POM-master\Resources\BasePage.robot' on line 7: Setting variable '""" Desired Capabilities For Simulator Device """' failed: Invalid variable name '""" Desired Capabilities For Simulator Device """'.</msg>
</errors>
</robot>
